2022-06-06 19:21:36,014 [[32mmain[0;39m] [34mINFO [0;39m [36mc.m.a.ActionMonitorApplication[0;39m : Starting ActionMonitorApplication using Java 17.0.3 on LWBU-5Q76LG3 with PID 14620 (C:\Users\mpirv\Projects\Project X\actionmonitor\target\classes started by mpirv in C:\Users\mpirv\Projects\Project X\actionmonitor)
2022-06-06 19:21:36,016 [[32mmain[0;39m] [34mINFO [0;39m [36mc.m.a.ActionMonitorApplication[0;39m : No active profile set, falling back to 1 default profile: "default"
2022-06-06 19:21:36,378 [[32mmain[0;39m] [34mINFO [0;39m [36mo.s.d.r.c.RepositoryConfigurationDelegate[0;39m : Bootstrapping Spring Data JPA repositories in DEFAULT mode.
2022-06-06 19:21:36,407 [[32mmain[0;39m] [34mINFO [0;39m [36mo.s.d.r.c.RepositoryConfigurationDelegate[0;39m : Finished Spring Data repository scanning in 23 ms. Found 1 JPA repository interfaces.
2022-06-06 19:21:36,686 [[32mmain[0;39m] [34mINFO [0;39m [36mo.s.b.w.e.t.TomcatWebServer[0;39m : Tomcat initialized with port(s): 8080 (http)
2022-06-06 19:21:36,691 [[32mmain[0;39m] [34mINFO [0;39m [36mo.a.c.h.Http11NioProtocol[0;39m : Initializing ProtocolHandler ["http-nio-8080"]
2022-06-06 19:21:36,691 [[32mmain[0;39m] [34mINFO [0;39m [36mo.a.c.c.StandardService[0;39m : Starting service [Tomcat]
2022-06-06 19:21:36,691 [[32mmain[0;39m] [34mINFO [0;39m [36mo.a.c.c.StandardEngine[0;39m : Starting Servlet engine: [Apache Tomcat/9.0.63]
2022-06-06 19:21:36,769 [[32mmain[0;39m] [34mINFO [0;39m [36mo.a.c.c.C.[.[.[/][0;39m : Initializing Spring embedded WebApplicationContext
2022-06-06 19:21:36,769 [[32mmain[0;39m] [34mINFO [0;39m [36mo.s.b.w.s.c.ServletWebServerApplicationContext[0;39m : Root WebApplicationContext: initialization completed in 719 ms
2022-06-06 19:21:36,849 [[32mmain[0;39m] [34mINFO [0;39m [36mc.z.h.HikariDataSource[0;39m : HikariPool-1 - Starting...
2022-06-06 19:21:36,913 [[32mmain[0;39m] [34mINFO [0;39m [36mc.z.h.HikariDataSource[0;39m : HikariPool-1 - Start completed.
2022-06-06 19:21:36,941 [[32mmain[0;39m] [34mINFO [0;39m [36mo.h.j.i.u.LogHelper[0;39m : HHH000204: Processing PersistenceUnitInfo [name: default]
2022-06-06 19:21:36,968 [[32mmain[0;39m] [34mINFO [0;39m [36mo.h.Version[0;39m : HHH000412: Hibernate ORM core version 5.6.9.Final
2022-06-06 19:21:37,047 [[32mmain[0;39m] [34mINFO [0;39m [36mo.h.a.c.Version[0;39m : HCANN000001: Hibernate Commons Annotations {5.1.2.Final}
2022-06-06 19:21:37,108 [[32mmain[0;39m] [34mINFO [0;39m [36mo.h.d.Dialect[0;39m : HHH000400: Using dialect: org.hibernate.dialect.H2Dialect
2022-06-06 19:21:37,396 [[32mmain[0;39m] [34mINFO [0;39m [36mo.h.e.t.j.p.i.JtaPlatformInitiator[0;39m : HHH000490: Using JtaPlatform implementation: [org.hibernate.engine.transaction.jta.platform.internal.NoJtaPlatform]
2022-06-06 19:21:37,402 [[32mmain[0;39m] [34mINFO [0;39m [36mo.s.o.j.LocalContainerEntityManagerFactoryBean[0;39m : Initialized JPA EntityManagerFactory for persistence unit 'default'
2022-06-06 19:21:37,634 [[32mmain[0;39m] [31mWARN [0;39m [36mo.s.b.a.o.j.JpaBaseConfiguration$JpaWebConfiguration[0;39m : spring.jpa.open-in-view is enabled by default. Therefore, database queries may be performed during view rendering. Explicitly configure spring.jpa.open-in-view to disable this warning
2022-06-06 19:21:37,717 [[32mmain[0;39m] [34mINFO [0;39m [36mo.s.b.a.w.s.WelcomePageHandlerMapping[0;39m : Adding welcome page: class path resource [static/index.html]
2022-06-06 19:21:37,796 [[32mmain[0;39m] [34mINFO [0;39m [36mo.a.c.h.Http11NioProtocol[0;39m : Starting ProtocolHandler ["http-nio-8080"]
2022-06-06 19:21:37,810 [[32mmain[0;39m] [34mINFO [0;39m [36mo.s.b.w.e.t.TomcatWebServer[0;39m : Tomcat started on port(s): 8080 (http) with context path ''
2022-06-06 19:21:37,810 [[32mmain[0;39m] [34mINFO [0;39m [36mo.s.m.s.b.SimpleBrokerMessageHandler[0;39m : Starting...
2022-06-06 19:21:37,810 [[32mmain[0;39m] [34mINFO [0;39m [36mo.s.m.s.b.SimpleBrokerMessageHandler[0;39m : BrokerAvailabilityEvent[available=true, SimpleBrokerMessageHandler [org.springframework.messaging.simp.broker.DefaultSubscriptionRegistry@6719f206]]
2022-06-06 19:21:37,811 [[32mmain[0;39m] [34mINFO [0;39m [36mo.s.m.s.b.SimpleBrokerMessageHandler[0;39m : Started.
2022-06-06 19:21:37,817 [[32mmain[0;39m] [34mINFO [0;39m [36mc.m.a.ActionMonitorApplication[0;39m : Started ActionMonitorApplication in 2.017 seconds (JVM running for 2.66)
2022-06-06 19:22:36,668 [[32mhttp-nio-8080-exec-1[0;39m] [34mINFO [0;39m [36mo.a.c.c.C.[.[.[/][0;39m : Initializing Spring DispatcherServlet 'dispatcherServlet'
2022-06-06 19:22:36,668 [[32mhttp-nio-8080-exec-1[0;39m] [34mINFO [0;39m [36mo.s.w.s.DispatcherServlet[0;39m : Initializing Servlet 'dispatcherServlet'
2022-06-06 19:22:36,669 [[32mhttp-nio-8080-exec-1[0;39m] [34mINFO [0;39m [36mo.s.w.s.DispatcherServlet[0;39m : Completed initialization in 1 ms
2022-06-06 19:22:37,633 [[32mMessageBroker-1[0;39m] [34mINFO [0;39m [36mo.s.w.s.c.WebSocketMessageBrokerStats[0;39m : WebSocketSession[0 current WS(0)-HttpStream(0)-HttpPoll(0), 0 total, 0 closed abnormally (0 connect failure, 0 send limit, 0 transport error)], stompSubProtocol[processed CONNECT(0)-CONNECTED(0)-DISCONNECT(0)], stompBrokerRelay[null], inboundChannel[pool size = 0, active threads = 0, queued tasks = 0, completed tasks = 0], outboundChannel[pool size = 0, active threads = 0, queued tasks = 0, completed tasks = 0], sockJsScheduler[pool size = 1, active threads = 1, queued tasks = 0, completed tasks = 0]
2022-06-06 19:28:26,023 [[32mSpringApplicationShutdownHook[0;39m] [34mINFO [0;39m [36mo.s.m.s.b.SimpleBrokerMessageHandler[0;39m : Stopping...
2022-06-06 19:28:26,023 [[32mSpringApplicationShutdownHook[0;39m] [34mINFO [0;39m [36mo.s.m.s.b.SimpleBrokerMessageHandler[0;39m : BrokerAvailabilityEvent[available=false, SimpleBrokerMessageHandler [org.springframework.messaging.simp.broker.DefaultSubscriptionRegistry@6719f206]]
2022-06-06 19:28:26,023 [[32mSpringApplicationShutdownHook[0;39m] [34mINFO [0;39m [36mo.s.m.s.b.SimpleBrokerMessageHandler[0;39m : Stopped.
2022-06-06 19:28:26,051 [[32mSpringApplicationShutdownHook[0;39m] [34mINFO [0;39m [36mo.s.o.j.LocalContainerEntityManagerFactoryBean[0;39m : Closing JPA EntityManagerFactory for persistence unit 'default'
2022-06-06 19:28:26,051 [[32mSpringApplicationShutdownHook[0;39m] [34mINFO [0;39m [36mo.h.t.s.i.SchemaDropperImpl$DelayedDropActionImpl[0;39m : HHH000477: Starting delayed evictData of schema as part of SessionFactory shut-down'
2022-06-06 19:28:26,053 [[32mSpringApplicationShutdownHook[0;39m] [34mINFO [0;39m [36mc.z.h.HikariDataSource[0;39m : HikariPool-1 - Shutdown initiated...
2022-06-06 19:28:26,054 [[32mSpringApplicationShutdownHook[0;39m] [34mINFO [0;39m [36mc.z.h.HikariDataSource[0;39m : HikariPool-1 - Shutdown completed.
2022-06-06 19:28:33,197 [[32mmain[0;39m] [34mINFO [0;39m [36mc.m.a.ActionMonitorApplication[0;39m : Starting ActionMonitorApplication using Java 17.0.3 on LWBU-5Q76LG3 with PID 744 (C:\Users\mpirv\Projects\Project X\actionmonitor\target\classes started by mpirv in C:\Users\mpirv\Projects\Project X\actionmonitor)
2022-06-06 19:28:33,199 [[32mmain[0;39m] [34mINFO [0;39m [36mc.m.a.ActionMonitorApplication[0;39m : No active profile set, falling back to 1 default profile: "default"
2022-06-06 19:28:33,624 [[32mmain[0;39m] [34mINFO [0;39m [36mo.s.d.r.c.RepositoryConfigurationDelegate[0;39m : Bootstrapping Spring Data JPA repositories in DEFAULT mode.
2022-06-06 19:28:33,662 [[32mmain[0;39m] [34mINFO [0;39m [36mo.s.d.r.c.RepositoryConfigurationDelegate[0;39m : Finished Spring Data repository scanning in 31 ms. Found 1 JPA repository interfaces.
2022-06-06 19:28:33,981 [[32mmain[0;39m] [34mINFO [0;39m [36mo.s.b.w.e.t.TomcatWebServer[0;39m : Tomcat initialized with port(s): 8080 (http)
2022-06-06 19:28:33,986 [[32mmain[0;39m] [34mINFO [0;39m [36mo.a.c.h.Http11NioProtocol[0;39m : Initializing ProtocolHandler ["http-nio-8080"]
2022-06-06 19:28:33,986 [[32mmain[0;39m] [34mINFO [0;39m [36mo.a.c.c.StandardService[0;39m : Starting service [Tomcat]
2022-06-06 19:28:33,986 [[32mmain[0;39m] [34mINFO [0;39m [36mo.a.c.c.StandardEngine[0;39m : Starting Servlet engine: [Apache Tomcat/9.0.63]
2022-06-06 19:28:34,070 [[32mmain[0;39m] [34mINFO [0;39m [36mo.a.c.c.C.[.[.[/][0;39m : Initializing Spring embedded WebApplicationContext
2022-06-06 19:28:34,070 [[32mmain[0;39m] [34mINFO [0;39m [36mo.s.b.w.s.c.ServletWebServerApplicationContext[0;39m : Root WebApplicationContext: initialization completed in 839 ms
2022-06-06 19:28:34,163 [[32mmain[0;39m] [34mINFO [0;39m [36mc.z.h.HikariDataSource[0;39m : HikariPool-1 - Starting...
2022-06-06 19:28:34,236 [[32mmain[0;39m] [34mINFO [0;39m [36mc.z.h.HikariDataSource[0;39m : HikariPool-1 - Start completed.
2022-06-06 19:28:34,266 [[32mmain[0;39m] [34mINFO [0;39m [36mo.h.j.i.u.LogHelper[0;39m : HHH000204: Processing PersistenceUnitInfo [name: default]
2022-06-06 19:28:34,295 [[32mmain[0;39m] [34mINFO [0;39m [36mo.h.Version[0;39m : HHH000412: Hibernate ORM core version 5.6.9.Final
2022-06-06 19:28:34,374 [[32mmain[0;39m] [34mINFO [0;39m [36mo.h.a.c.Version[0;39m : HCANN000001: Hibernate Commons Annotations {5.1.2.Final}
2022-06-06 19:28:34,440 [[32mmain[0;39m] [34mINFO [0;39m [36mo.h.d.Dialect[0;39m : HHH000400: Using dialect: org.hibernate.dialect.H2Dialect
2022-06-06 19:28:34,752 [[32mmain[0;39m] [34mINFO [0;39m [36mo.h.e.t.j.p.i.JtaPlatformInitiator[0;39m : HHH000490: Using JtaPlatform implementation: [org.hibernate.engine.transaction.jta.platform.internal.NoJtaPlatform]
2022-06-06 19:28:34,758 [[32mmain[0;39m] [34mINFO [0;39m [36mo.s.o.j.LocalContainerEntityManagerFactoryBean[0;39m : Initialized JPA EntityManagerFactory for persistence unit 'default'
2022-06-06 19:28:34,989 [[32mmain[0;39m] [31mWARN [0;39m [36mo.s.b.a.o.j.JpaBaseConfiguration$JpaWebConfiguration[0;39m : spring.jpa.open-in-view is enabled by default. Therefore, database queries may be performed during view rendering. Explicitly configure spring.jpa.open-in-view to disable this warning
2022-06-06 19:28:35,077 [[32mmain[0;39m] [34mINFO [0;39m [36mo.s.b.a.w.s.WelcomePageHandlerMapping[0;39m : Adding welcome page: class path resource [static/index.html]
2022-06-06 19:28:35,156 [[32mmain[0;39m] [34mINFO [0;39m [36mo.a.c.h.Http11NioProtocol[0;39m : Starting ProtocolHandler ["http-nio-8080"]
2022-06-06 19:28:35,171 [[32mmain[0;39m] [34mINFO [0;39m [36mo.s.b.w.e.t.TomcatWebServer[0;39m : Tomcat started on port(s): 8080 (http) with context path ''
2022-06-06 19:28:35,173 [[32mmain[0;39m] [34mINFO [0;39m [36mo.s.m.s.b.SimpleBrokerMessageHandler[0;39m : Starting...
2022-06-06 19:28:35,173 [[32mmain[0;39m] [34mINFO [0;39m [36mo.s.m.s.b.SimpleBrokerMessageHandler[0;39m : BrokerAvailabilityEvent[available=true, SimpleBrokerMessageHandler [org.springframework.messaging.simp.broker.DefaultSubscriptionRegistry@3051e476]]
2022-06-06 19:28:35,173 [[32mmain[0;39m] [34mINFO [0;39m [36mo.s.m.s.b.SimpleBrokerMessageHandler[0;39m : Started.
2022-06-06 19:28:35,179 [[32mmain[0;39m] [34mINFO [0;39m [36mc.m.a.ActionMonitorApplication[0;39m : Started ActionMonitorApplication in 2.227 seconds (JVM running for 2.904)
2022-06-06 19:28:38,427 [[32mhttp-nio-8080-exec-1[0;39m] [34mINFO [0;39m [36mo.a.c.c.C.[.[.[/][0;39m : Initializing Spring DispatcherServlet 'dispatcherServlet'
2022-06-06 19:28:38,427 [[32mhttp-nio-8080-exec-1[0;39m] [34mINFO [0;39m [36mo.s.w.s.DispatcherServlet[0;39m : Initializing Servlet 'dispatcherServlet'
2022-06-06 19:28:38,427 [[32mhttp-nio-8080-exec-1[0;39m] [34mINFO [0;39m [36mo.s.w.s.DispatcherServlet[0;39m : Completed initialization in 0 ms
2022-06-06 19:28:44,123 [[32mclientInboundChannel-7[0;39m] [34mINFO [0;39m [36mc.m.a.c.MessageController[0;39m : Message Sent: jnjjn
2022-06-06 19:28:49,695 [[32mclientInboundChannel-10[0;39m] [34mINFO [0;39m [36mc.m.a.c.MessageController[0;39m : Message Sent: jnjjndsada
2022-06-06 19:28:56,308 [[32mhttp-nio-8080-exec-8[0;39m] [34mINFO [0;39m [36mc.m.a.c.MessageController[0;39m : Retrieve all messages!
2022-06-06 19:29:34,987 [[32mMessageBroker-2[0;39m] [34mINFO [0;39m [36mo.s.w.s.c.WebSocketMessageBrokerStats[0;39m : WebSocketSession[1 current WS(1)-HttpStream(0)-HttpPoll(0), 2 total, 0 closed abnormally (0 connect failure, 0 send limit, 0 transport error)], stompSubProtocol[processed CONNECT(2)-CONNECTED(2)-DISCONNECT(0)], stompBrokerRelay[null], inboundChannel[pool size = 21, active threads = 0, queued tasks = 0, completed tasks = 21], outboundChannel[pool size = 5, active threads = 0, queued tasks = 0, completed tasks = 5], sockJsScheduler[pool size = 16, active threads = 1, queued tasks = 2, completed tasks = 11]
2022-06-06 19:30:04,833 [[32mclientInboundChannel-31[0;39m] [34mINFO [0;39m [36mc.m.a.c.MessageController[0;39m : Message Sent: sdasda
2022-06-06 19:30:09,242 [[32mclientInboundChannel-43[0;39m] [34mINFO [0;39m [36mc.m.a.c.MessageController[0;39m : Message Sent: sdasdaasdasdsa
2022-06-06 19:30:23,521 [[32mclientInboundChannel-39[0;39m] [34mINFO [0;39m [36mc.m.a.c.MessageController[0;39m : Message Sent: sdasdaasdasdsa
2022-06-06 19:30:28,253 [[32mclientInboundChannel-52[0;39m] [34mINFO [0;39m [36mc.m.a.c.MessageController[0;39m : Message Sent: sdasdaasdasdsa
2022-06-06 19:33:04,893 [[32mhttp-nio-8080-exec-1[0;39m] [34mINFO [0;39m [36mc.m.a.c.MessageController[0;39m : Retrieve all messages!
2022-06-06 19:34:22,539 [[32mSpringApplicationShutdownHook[0;39m] [34mINFO [0;39m [36mo.s.m.s.b.SimpleBrokerMessageHandler[0;39m : Stopping...
2022-06-06 19:34:22,539 [[32mSpringApplicationShutdownHook[0;39m] [34mINFO [0;39m [36mo.s.m.s.b.SimpleBrokerMessageHandler[0;39m : BrokerAvailabilityEvent[available=false, SimpleBrokerMessageHandler [org.springframework.messaging.simp.broker.DefaultSubscriptionRegistry@3051e476]]
2022-06-06 19:34:22,540 [[32mSpringApplicationShutdownHook[0;39m] [34mINFO [0;39m [36mo.s.m.s.b.SimpleBrokerMessageHandler[0;39m : Stopped.
2022-06-06 19:34:22,566 [[32mSpringApplicationShutdownHook[0;39m] [34mINFO [0;39m [36mo.s.o.j.LocalContainerEntityManagerFactoryBean[0;39m : Closing JPA EntityManagerFactory for persistence unit 'default'
2022-06-06 19:34:22,566 [[32mSpringApplicationShutdownHook[0;39m] [34mINFO [0;39m [36mo.h.t.s.i.SchemaDropperImpl$DelayedDropActionImpl[0;39m : HHH000477: Starting delayed evictData of schema as part of SessionFactory shut-down'
2022-06-06 19:34:22,569 [[32mSpringApplicationShutdownHook[0;39m] [34mINFO [0;39m [36mc.z.h.HikariDataSource[0;39m : HikariPool-1 - Shutdown initiated...
2022-06-06 19:34:22,570 [[32mSpringApplicationShutdownHook[0;39m] [34mINFO [0;39m [36mc.z.h.HikariDataSource[0;39m : HikariPool-1 - Shutdown completed.
2022-06-06 20:09:11,769 [[32mmain[0;39m] [34mINFO [0;39m [36mc.m.a.ActionMonitorApplication[0;39m : Starting ActionMonitorApplication using Java 17.0.3 on LWBU-5Q76LG3 with PID 22396 (C:\Users\mpirv\Projects\Project X\actionmonitor\target\classes started by mpirv in C:\Users\mpirv\Projects\Project X\actionmonitor)
2022-06-06 20:09:11,771 [[32mmain[0;39m] [34mINFO [0;39m [36mc.m.a.ActionMonitorApplication[0;39m : No active profile set, falling back to 1 default profile: "default"
2022-06-06 20:09:12,184 [[32mmain[0;39m] [34mINFO [0;39m [36mo.s.d.r.c.RepositoryConfigurationDelegate[0;39m : Bootstrapping Spring Data JPA repositories in DEFAULT mode.
2022-06-06 20:09:12,220 [[32mmain[0;39m] [34mINFO [0;39m [36mo.s.d.r.c.RepositoryConfigurationDelegate[0;39m : Finished Spring Data repository scanning in 30 ms. Found 1 JPA repository interfaces.
2022-06-06 20:09:12,525 [[32mmain[0;39m] [34mINFO [0;39m [36mo.s.b.w.e.t.TomcatWebServer[0;39m : Tomcat initialized with port(s): 8080 (http)
2022-06-06 20:09:12,529 [[32mmain[0;39m] [34mINFO [0;39m [36mo.a.c.h.Http11NioProtocol[0;39m : Initializing ProtocolHandler ["http-nio-8080"]
2022-06-06 20:09:12,529 [[32mmain[0;39m] [34mINFO [0;39m [36mo.a.c.c.StandardService[0;39m : Starting service [Tomcat]
2022-06-06 20:09:12,529 [[32mmain[0;39m] [34mINFO [0;39m [36mo.a.c.c.StandardEngine[0;39m : Starting Servlet engine: [Apache Tomcat/9.0.63]
2022-06-06 20:09:12,614 [[32mmain[0;39m] [34mINFO [0;39m [36mo.a.c.c.C.[.[.[/][0;39m : Initializing Spring embedded WebApplicationContext
2022-06-06 20:09:12,614 [[32mmain[0;39m] [34mINFO [0;39m [36mo.s.b.w.s.c.ServletWebServerApplicationContext[0;39m : Root WebApplicationContext: initialization completed in 814 ms
2022-06-06 20:09:12,688 [[32mmain[0;39m] [34mINFO [0;39m [36mc.z.h.HikariDataSource[0;39m : HikariPool-1 - Starting...
2022-06-06 20:09:12,765 [[32mmain[0;39m] [34mINFO [0;39m [36mc.z.h.HikariDataSource[0;39m : HikariPool-1 - Start completed.
2022-06-06 20:09:12,794 [[32mmain[0;39m] [34mINFO [0;39m [36mo.h.j.i.u.LogHelper[0;39m : HHH000204: Processing PersistenceUnitInfo [name: default]
2022-06-06 20:09:12,820 [[32mmain[0;39m] [34mINFO [0;39m [36mo.h.Version[0;39m : HHH000412: Hibernate ORM core version 5.6.9.Final
2022-06-06 20:09:12,895 [[32mmain[0;39m] [34mINFO [0;39m [36mo.h.a.c.Version[0;39m : HCANN000001: Hibernate Commons Annotations {5.1.2.Final}
2022-06-06 20:09:12,954 [[32mmain[0;39m] [34mINFO [0;39m [36mo.h.d.Dialect[0;39m : HHH000400: Using dialect: org.hibernate.dialect.H2Dialect
2022-06-06 20:09:13,245 [[32mmain[0;39m] [34mINFO [0;39m [36mo.h.e.t.j.p.i.JtaPlatformInitiator[0;39m : HHH000490: Using JtaPlatform implementation: [org.hibernate.engine.transaction.jta.platform.internal.NoJtaPlatform]
2022-06-06 20:09:13,249 [[32mmain[0;39m] [34mINFO [0;39m [36mo.s.o.j.LocalContainerEntityManagerFactoryBean[0;39m : Initialized JPA EntityManagerFactory for persistence unit 'default'
2022-06-06 20:09:13,461 [[32mmain[0;39m] [31mWARN [0;39m [36mo.s.b.a.o.j.JpaBaseConfiguration$JpaWebConfiguration[0;39m : spring.jpa.open-in-view is enabled by default. Therefore, database queries may be performed during view rendering. Explicitly configure spring.jpa.open-in-view to disable this warning
2022-06-06 20:09:13,555 [[32mmain[0;39m] [34mINFO [0;39m [36mo.s.b.a.w.s.WelcomePageHandlerMapping[0;39m : Adding welcome page: class path resource [static/index.html]
2022-06-06 20:09:13,642 [[32mmain[0;39m] [34mINFO [0;39m [36mo.a.c.h.Http11NioProtocol[0;39m : Starting ProtocolHandler ["http-nio-8080"]
2022-06-06 20:09:13,656 [[32mmain[0;39m] [34mINFO [0;39m [36mo.s.b.w.e.t.TomcatWebServer[0;39m : Tomcat started on port(s): 8080 (http) with context path ''
2022-06-06 20:09:13,657 [[32mmain[0;39m] [34mINFO [0;39m [36mo.s.m.s.b.SimpleBrokerMessageHandler[0;39m : Starting...
2022-06-06 20:09:13,657 [[32mmain[0;39m] [34mINFO [0;39m [36mo.s.m.s.b.SimpleBrokerMessageHandler[0;39m : BrokerAvailabilityEvent[available=true, SimpleBrokerMessageHandler [org.springframework.messaging.simp.broker.DefaultSubscriptionRegistry@442310fd]]
2022-06-06 20:09:13,658 [[32mmain[0;39m] [34mINFO [0;39m [36mo.s.m.s.b.SimpleBrokerMessageHandler[0;39m : Started.
2022-06-06 20:09:13,663 [[32mmain[0;39m] [34mINFO [0;39m [36mc.m.a.ActionMonitorApplication[0;39m : Started ActionMonitorApplication in 2.092 seconds (JVM running for 2.674)
2022-06-06 20:09:19,301 [[32mhttp-nio-8080-exec-1[0;39m] [34mINFO [0;39m [36mo.a.c.c.C.[.[.[/][0;39m : Initializing Spring DispatcherServlet 'dispatcherServlet'
2022-06-06 20:09:19,301 [[32mhttp-nio-8080-exec-1[0;39m] [34mINFO [0;39m [36mo.s.w.s.DispatcherServlet[0;39m : Initializing Servlet 'dispatcherServlet'
2022-06-06 20:09:19,303 [[32mhttp-nio-8080-exec-1[0;39m] [34mINFO [0;39m [36mo.s.w.s.DispatcherServlet[0;39m : Completed initialization in 2 ms
2022-06-06 20:10:13,463 [[32mMessageBroker-1[0;39m] [34mINFO [0;39m [36mo.s.w.s.c.WebSocketMessageBrokerStats[0;39m : WebSocketSession[0 current WS(0)-HttpStream(0)-HttpPoll(0), 0 total, 0 closed abnormally (0 connect failure, 0 send limit, 0 transport error)], stompSubProtocol[processed CONNECT(0)-CONNECTED(0)-DISCONNECT(0)], stompBrokerRelay[null], inboundChannel[pool size = 0, active threads = 0, queued tasks = 0, completed tasks = 0], outboundChannel[pool size = 0, active threads = 0, queued tasks = 0, completed tasks = 0], sockJsScheduler[pool size = 1, active threads = 1, queued tasks = 0, completed tasks = 0]
2022-06-06 20:10:51,641 [[32mSpringApplicationShutdownHook[0;39m] [34mINFO [0;39m [36mo.s.m.s.b.SimpleBrokerMessageHandler[0;39m : Stopping...
2022-06-06 20:10:51,641 [[32mSpringApplicationShutdownHook[0;39m] [34mINFO [0;39m [36mo.s.m.s.b.SimpleBrokerMessageHandler[0;39m : BrokerAvailabilityEvent[available=false, SimpleBrokerMessageHandler [org.springframework.messaging.simp.broker.DefaultSubscriptionRegistry@442310fd]]
2022-06-06 20:10:51,641 [[32mSpringApplicationShutdownHook[0;39m] [34mINFO [0;39m [36mo.s.m.s.b.SimpleBrokerMessageHandler[0;39m : Stopped.
2022-06-06 20:10:51,663 [[32mSpringApplicationShutdownHook[0;39m] [34mINFO [0;39m [36mo.s.o.j.LocalContainerEntityManagerFactoryBean[0;39m : Closing JPA EntityManagerFactory for persistence unit 'default'
2022-06-06 20:10:51,663 [[32mSpringApplicationShutdownHook[0;39m] [34mINFO [0;39m [36mo.h.t.s.i.SchemaDropperImpl$DelayedDropActionImpl[0;39m : HHH000477: Starting delayed evictData of schema as part of SessionFactory shut-down'
2022-06-06 20:10:51,665 [[32mSpringApplicationShutdownHook[0;39m] [34mINFO [0;39m [36mc.z.h.HikariDataSource[0;39m : HikariPool-1 - Shutdown initiated...
2022-06-06 20:10:51,666 [[32mSpringApplicationShutdownHook[0;39m] [34mINFO [0;39m [36mc.z.h.HikariDataSource[0;39m : HikariPool-1 - Shutdown completed.
2022-06-06 20:10:54,211 [[32mmain[0;39m] [34mINFO [0;39m [36mc.m.a.ActionMonitorApplication[0;39m : Starting ActionMonitorApplication using Java 17.0.3 on LWBU-5Q76LG3 with PID 20452 (C:\Users\mpirv\Projects\Project X\actionmonitor\target\classes started by mpirv in C:\Users\mpirv\Projects\Project X\actionmonitor)
2022-06-06 20:10:54,213 [[32mmain[0;39m] [34mINFO [0;39m [36mc.m.a.ActionMonitorApplication[0;39m : No active profile set, falling back to 1 default profile: "default"
2022-06-06 20:10:54,569 [[32mmain[0;39m] [34mINFO [0;39m [36mo.s.d.r.c.RepositoryConfigurationDelegate[0;39m : Bootstrapping Spring Data JPA repositories in DEFAULT mode.
2022-06-06 20:10:54,596 [[32mmain[0;39m] [34mINFO [0;39m [36mo.s.d.r.c.RepositoryConfigurationDelegate[0;39m : Finished Spring Data repository scanning in 22 ms. Found 1 JPA repository interfaces.
2022-06-06 20:10:54,867 [[32mmain[0;39m] [34mINFO [0;39m [36mo.s.b.w.e.t.TomcatWebServer[0;39m : Tomcat initialized with port(s): 8080 (http)
2022-06-06 20:10:54,871 [[32mmain[0;39m] [34mINFO [0;39m [36mo.a.c.h.Http11NioProtocol[0;39m : Initializing ProtocolHandler ["http-nio-8080"]
2022-06-06 20:10:54,871 [[32mmain[0;39m] [34mINFO [0;39m [36mo.a.c.c.StandardService[0;39m : Starting service [Tomcat]
2022-06-06 20:10:54,872 [[32mmain[0;39m] [34mINFO [0;39m [36mo.a.c.c.StandardEngine[0;39m : Starting Servlet engine: [Apache Tomcat/9.0.63]
2022-06-06 20:10:54,948 [[32mmain[0;39m] [34mINFO [0;39m [36mo.a.c.c.C.[.[.[/][0;39m : Initializing Spring embedded WebApplicationContext
2022-06-06 20:10:54,948 [[32mmain[0;39m] [34mINFO [0;39m [36mo.s.b.w.s.c.ServletWebServerApplicationContext[0;39m : Root WebApplicationContext: initialization completed in 706 ms
2022-06-06 20:10:55,027 [[32mmain[0;39m] [34mINFO [0;39m [36mc.z.h.HikariDataSource[0;39m : HikariPool-1 - Starting...
2022-06-06 20:10:55,088 [[32mmain[0;39m] [34mINFO [0;39m [36mc.z.h.HikariDataSource[0;39m : HikariPool-1 - Start completed.
2022-06-06 20:10:55,116 [[32mmain[0;39m] [34mINFO [0;39m [36mo.h.j.i.u.LogHelper[0;39m : HHH000204: Processing PersistenceUnitInfo [name: default]
2022-06-06 20:10:55,142 [[32mmain[0;39m] [34mINFO [0;39m [36mo.h.Version[0;39m : HHH000412: Hibernate ORM core version 5.6.9.Final
2022-06-06 20:10:55,218 [[32mmain[0;39m] [34mINFO [0;39m [36mo.h.a.c.Version[0;39m : HCANN000001: Hibernate Commons Annotations {5.1.2.Final}
2022-06-06 20:10:55,280 [[32mmain[0;39m] [34mINFO [0;39m [36mo.h.d.Dialect[0;39m : HHH000400: Using dialect: org.hibernate.dialect.H2Dialect
2022-06-06 20:10:55,563 [[32mmain[0;39m] [34mINFO [0;39m [36mo.h.e.t.j.p.i.JtaPlatformInitiator[0;39m : HHH000490: Using JtaPlatform implementation: [org.hibernate.engine.transaction.jta.platform.internal.NoJtaPlatform]
2022-06-06 20:10:55,568 [[32mmain[0;39m] [34mINFO [0;39m [36mo.s.o.j.LocalContainerEntityManagerFactoryBean[0;39m : Initialized JPA EntityManagerFactory for persistence unit 'default'
2022-06-06 20:10:55,786 [[32mmain[0;39m] [31mWARN [0;39m [36mo.s.b.a.o.j.JpaBaseConfiguration$JpaWebConfiguration[0;39m : spring.jpa.open-in-view is enabled by default. Therefore, database queries may be performed during view rendering. Explicitly configure spring.jpa.open-in-view to disable this warning
2022-06-06 20:10:55,866 [[32mmain[0;39m] [34mINFO [0;39m [36mo.s.b.a.w.s.WelcomePageHandlerMapping[0;39m : Adding welcome page: class path resource [static/index.html]
2022-06-06 20:10:55,944 [[32mmain[0;39m] [34mINFO [0;39m [36mo.a.c.h.Http11NioProtocol[0;39m : Starting ProtocolHandler ["http-nio-8080"]
2022-06-06 20:10:55,958 [[32mmain[0;39m] [34mINFO [0;39m [36mo.s.b.w.e.t.TomcatWebServer[0;39m : Tomcat started on port(s): 8080 (http) with context path ''
2022-06-06 20:10:55,959 [[32mmain[0;39m] [34mINFO [0;39m [36mo.s.m.s.b.SimpleBrokerMessageHandler[0;39m : Starting...
2022-06-06 20:10:55,959 [[32mmain[0;39m] [34mINFO [0;39m [36mo.s.m.s.b.SimpleBrokerMessageHandler[0;39m : BrokerAvailabilityEvent[available=true, SimpleBrokerMessageHandler [org.springframework.messaging.simp.broker.DefaultSubscriptionRegistry@70aa03c0]]
2022-06-06 20:10:55,959 [[32mmain[0;39m] [34mINFO [0;39m [36mo.s.m.s.b.SimpleBrokerMessageHandler[0;39m : Started.
2022-06-06 20:10:55,965 [[32mmain[0;39m] [34mINFO [0;39m [36mc.m.a.ActionMonitorApplication[0;39m : Started ActionMonitorApplication in 1.96 seconds (JVM running for 2.529)
2022-06-06 20:11:12,959 [[32mhttp-nio-8080-exec-1[0;39m] [34mINFO [0;39m [36mo.a.c.c.C.[.[.[/][0;39m : Initializing Spring DispatcherServlet 'dispatcherServlet'
2022-06-06 20:11:12,959 [[32mhttp-nio-8080-exec-1[0;39m] [34mINFO [0;39m [36mo.s.w.s.DispatcherServlet[0;39m : Initializing Servlet 'dispatcherServlet'
2022-06-06 20:11:12,959 [[32mhttp-nio-8080-exec-1[0;39m] [34mINFO [0;39m [36mo.s.w.s.DispatcherServlet[0;39m : Completed initialization in 0 ms
2022-06-06 20:11:37,258 [[32mSpringApplicationShutdownHook[0;39m] [34mINFO [0;39m [36mo.s.m.s.b.SimpleBrokerMessageHandler[0;39m : Stopping...
2022-06-06 20:11:37,258 [[32mSpringApplicationShutdownHook[0;39m] [34mINFO [0;39m [36mo.s.m.s.b.SimpleBrokerMessageHandler[0;39m : BrokerAvailabilityEvent[available=false, SimpleBrokerMessageHandler [org.springframework.messaging.simp.broker.DefaultSubscriptionRegistry@70aa03c0]]
2022-06-06 20:11:37,258 [[32mSpringApplicationShutdownHook[0;39m] [34mINFO [0;39m [36mo.s.m.s.b.SimpleBrokerMessageHandler[0;39m : Stopped.
2022-06-06 20:11:37,284 [[32mSpringApplicationShutdownHook[0;39m] [34mINFO [0;39m [36mo.s.o.j.LocalContainerEntityManagerFactoryBean[0;39m : Closing JPA EntityManagerFactory for persistence unit 'default'
2022-06-06 20:11:37,284 [[32mSpringApplicationShutdownHook[0;39m] [34mINFO [0;39m [36mo.h.t.s.i.SchemaDropperImpl$DelayedDropActionImpl[0;39m : HHH000477: Starting delayed evictData of schema as part of SessionFactory shut-down'
2022-06-06 20:11:37,286 [[32mSpringApplicationShutdownHook[0;39m] [34mINFO [0;39m [36mc.z.h.HikariDataSource[0;39m : HikariPool-1 - Shutdown initiated...
2022-06-06 20:11:37,287 [[32mSpringApplicationShutdownHook[0;39m] [34mINFO [0;39m [36mc.z.h.HikariDataSource[0;39m : HikariPool-1 - Shutdown completed.
2022-06-06 20:11:50,366 [[32mmain[0;39m] [34mINFO [0;39m [36mc.m.a.ActionMonitorApplication[0;39m : Starting ActionMonitorApplication using Java 17.0.3 on LWBU-5Q76LG3 with PID 11728 (C:\Users\mpirv\Projects\Project X\actionmonitor\target\classes started by mpirv in C:\Users\mpirv\Projects\Project X\actionmonitor)
2022-06-06 20:11:50,372 [[32mmain[0;39m] [34mINFO [0;39m [36mc.m.a.ActionMonitorApplication[0;39m : No active profile set, falling back to 1 default profile: "default"
2022-06-06 20:11:50,894 [[32mmain[0;39m] [34mINFO [0;39m [36mo.s.d.r.c.RepositoryConfigurationDelegate[0;39m : Bootstrapping Spring Data JPA repositories in DEFAULT mode.
2022-06-06 20:11:50,947 [[32mmain[0;39m] [34mINFO [0;39m [36mo.s.d.r.c.RepositoryConfigurationDelegate[0;39m : Finished Spring Data repository scanning in 43 ms. Found 1 JPA repository interfaces.
2022-06-06 20:11:51,340 [[32mmain[0;39m] [34mINFO [0;39m [36mo.s.b.w.e.t.TomcatWebServer[0;39m : Tomcat initialized with port(s): 8080 (http)
2022-06-06 20:11:51,345 [[32mmain[0;39m] [34mINFO [0;39m [36mo.a.c.h.Http11NioProtocol[0;39m : Initializing ProtocolHandler ["http-nio-8080"]
2022-06-06 20:11:51,345 [[32mmain[0;39m] [34mINFO [0;39m [36mo.a.c.c.StandardService[0;39m : Starting service [Tomcat]
2022-06-06 20:11:51,345 [[32mmain[0;39m] [34mINFO [0;39m [36mo.a.c.c.StandardEngine[0;39m : Starting Servlet engine: [Apache Tomcat/9.0.63]
2022-06-06 20:11:51,436 [[32mmain[0;39m] [34mINFO [0;39m [36mo.a.c.c.C.[.[.[/][0;39m : Initializing Spring embedded WebApplicationContext
2022-06-06 20:11:51,436 [[32mmain[0;39m] [34mINFO [0;39m [36mo.s.b.w.s.c.ServletWebServerApplicationContext[0;39m : Root WebApplicationContext: initialization completed in 995 ms
2022-06-06 20:11:51,538 [[32mmain[0;39m] [34mINFO [0;39m [36mc.z.h.HikariDataSource[0;39m : HikariPool-1 - Starting...
2022-06-06 20:11:51,616 [[32mmain[0;39m] [34mINFO [0;39m [36mc.z.h.HikariDataSource[0;39m : HikariPool-1 - Start completed.
2022-06-06 20:11:51,647 [[32mmain[0;39m] [34mINFO [0;39m [36mo.h.j.i.u.LogHelper[0;39m : HHH000204: Processing PersistenceUnitInfo [name: default]
2022-06-06 20:11:51,678 [[32mmain[0;39m] [34mINFO [0;39m [36mo.h.Version[0;39m : HHH000412: Hibernate ORM core version 5.6.9.Final
2022-06-06 20:11:51,780 [[32mmain[0;39m] [34mINFO [0;39m [36mo.h.a.c.Version[0;39m : HCANN000001: Hibernate Commons Annotations {5.1.2.Final}
2022-06-06 20:11:51,848 [[32mmain[0;39m] [34mINFO [0;39m [36mo.h.d.Dialect[0;39m : HHH000400: Using dialect: org.hibernate.dialect.H2Dialect
2022-06-06 20:11:52,227 [[32mmain[0;39m] [34mINFO [0;39m [36mo.h.e.t.j.p.i.JtaPlatformInitiator[0;39m : HHH000490: Using JtaPlatform implementation: [org.hibernate.engine.transaction.jta.platform.internal.NoJtaPlatform]
2022-06-06 20:11:52,235 [[32mmain[0;39m] [34mINFO [0;39m [36mo.s.o.j.LocalContainerEntityManagerFactoryBean[0;39m : Initialized JPA EntityManagerFactory for persistence unit 'default'
2022-06-06 20:11:52,499 [[32mmain[0;39m] [31mWARN [0;39m [36mo.s.b.a.o.j.JpaBaseConfiguration$JpaWebConfiguration[0;39m : spring.jpa.open-in-view is enabled by default. Therefore, database queries may be performed during view rendering. Explicitly configure spring.jpa.open-in-view to disable this warning
2022-06-06 20:11:52,593 [[32mmain[0;39m] [34mINFO [0;39m [36mo.s.b.a.w.s.WelcomePageHandlerMapping[0;39m : Adding welcome page: class path resource [static/index.html]
2022-06-06 20:11:52,691 [[32mmain[0;39m] [34mINFO [0;39m [36mo.a.c.h.Http11NioProtocol[0;39m : Starting ProtocolHandler ["http-nio-8080"]
2022-06-06 20:11:52,707 [[32mmain[0;39m] [34mINFO [0;39m [36mo.s.b.w.e.t.TomcatWebServer[0;39m : Tomcat started on port(s): 8080 (http) with context path ''
2022-06-06 20:11:52,708 [[32mmain[0;39m] [34mINFO [0;39m [36mo.s.m.s.b.SimpleBrokerMessageHandler[0;39m : Starting...
2022-06-06 20:11:52,708 [[32mmain[0;39m] [34mINFO [0;39m [36mo.s.m.s.b.SimpleBrokerMessageHandler[0;39m : BrokerAvailabilityEvent[available=true, SimpleBrokerMessageHandler [org.springframework.messaging.simp.broker.DefaultSubscriptionRegistry@70aa03c0]]
2022-06-06 20:11:52,708 [[32mmain[0;39m] [34mINFO [0;39m [36mo.s.m.s.b.SimpleBrokerMessageHandler[0;39m : Started.
2022-06-06 20:11:52,715 [[32mmain[0;39m] [34mINFO [0;39m [36mc.m.a.ActionMonitorApplication[0;39m : Started ActionMonitorApplication in 2.58 seconds (JVM running for 3.221)
2022-06-06 20:12:04,373 [[32mhttp-nio-8080-exec-1[0;39m] [34mINFO [0;39m [36mo.a.c.c.C.[.[.[/][0;39m : Initializing Spring DispatcherServlet 'dispatcherServlet'
2022-06-06 20:12:04,373 [[32mhttp-nio-8080-exec-1[0;39m] [34mINFO [0;39m [36mo.s.w.s.DispatcherServlet[0;39m : Initializing Servlet 'dispatcherServlet'
2022-06-06 20:12:04,374 [[32mhttp-nio-8080-exec-1[0;39m] [34mINFO [0;39m [36mo.s.w.s.DispatcherServlet[0;39m : Completed initialization in 1 ms
2022-06-06 20:12:08,619 [[32mclientOutboundChannel-1[0;39m] [34mINFO [0;39m [36mc.m.a.c.WebSocketEventListener[0;39m : New User Connected!
2022-06-06 20:12:37,829 [[32mclientOutboundChannel-2[0;39m] [34mINFO [0;39m [36mc.m.a.c.WebSocketEventListener[0;39m : New User Connected!
2022-06-06 20:12:52,493 [[32mMessageBroker-7[0;39m] [34mINFO [0;39m [36mo.s.w.s.c.WebSocketMessageBrokerStats[0;39m : WebSocketSession[2 current WS(2)-HttpStream(0)-HttpPoll(0), 2 total, 0 closed abnormally (0 connect failure, 0 send limit, 0 transport error)], stompSubProtocol[processed CONNECT(2)-CONNECTED(2)-DISCONNECT(0)], stompBrokerRelay[null], inboundChannel[pool size = 21, active threads = 0, queued tasks = 0, completed tasks = 21], outboundChannel[pool size = 2, active threads = 0, queued tasks = 0, completed tasks = 2], sockJsScheduler[pool size = 16, active threads = 1, queued tasks = 3, completed tasks = 10]
2022-06-06 20:19:19,786 [[32mSpringApplicationShutdownHook[0;39m] [34mINFO [0;39m [36mc.m.a.c.WebSocketEventListener[0;39m : User asda Disonnected!
2022-06-06 20:19:19,788 [[32mSpringApplicationShutdownHook[0;39m] [34mINFO [0;39m [36mc.m.a.c.WebSocketEventListener[0;39m : User marius Disonnected!
2022-06-06 20:19:19,788 [[32mSpringApplicationShutdownHook[0;39m] [34mINFO [0;39m [36mo.s.m.s.b.SimpleBrokerMessageHandler[0;39m : Stopping...
2022-06-06 20:19:19,788 [[32mSpringApplicationShutdownHook[0;39m] [34mINFO [0;39m [36mo.s.m.s.b.SimpleBrokerMessageHandler[0;39m : BrokerAvailabilityEvent[available=false, SimpleBrokerMessageHandler [org.springframework.messaging.simp.broker.DefaultSubscriptionRegistry@70aa03c0]]
2022-06-06 20:19:19,788 [[32mSpringApplicationShutdownHook[0;39m] [34mINFO [0;39m [36mo.s.m.s.b.SimpleBrokerMessageHandler[0;39m : Stopped.
2022-06-06 20:19:19,816 [[32mSpringApplicationShutdownHook[0;39m] [34mINFO [0;39m [36mo.s.o.j.LocalContainerEntityManagerFactoryBean[0;39m : Closing JPA EntityManagerFactory for persistence unit 'default'
2022-06-06 20:19:19,816 [[32mSpringApplicationShutdownHook[0;39m] [34mINFO [0;39m [36mo.h.t.s.i.SchemaDropperImpl$DelayedDropActionImpl[0;39m : HHH000477: Starting delayed evictData of schema as part of SessionFactory shut-down'
2022-06-06 20:19:19,818 [[32mSpringApplicationShutdownHook[0;39m] [34mINFO [0;39m [36mc.z.h.HikariDataSource[0;39m : HikariPool-1 - Shutdown initiated...
2022-06-06 20:19:19,819 [[32mSpringApplicationShutdownHook[0;39m] [34mINFO [0;39m [36mc.z.h.HikariDataSource[0;39m : HikariPool-1 - Shutdown completed.
2022-06-06 20:21:21,143 [[32mmain[0;39m] [34mINFO [0;39m [36mc.m.a.ActionMonitorApplication[0;39m : Starting ActionMonitorApplication using Java 17.0.3 on LWBU-5Q76LG3 with PID 2196 (C:\Users\mpirv\Projects\Project X\actionmonitor\target\classes started by mpirv in C:\Users\mpirv\Projects\Project X\actionmonitor)
2022-06-06 20:21:21,145 [[32mmain[0;39m] [34mINFO [0;39m [36mc.m.a.ActionMonitorApplication[0;39m : No active profile set, falling back to 1 default profile: "default"
2022-06-06 20:21:21,549 [[32mmain[0;39m] [34mINFO [0;39m [36mo.s.d.r.c.RepositoryConfigurationDelegate[0;39m : Bootstrapping Spring Data JPA repositories in DEFAULT mode.
2022-06-06 20:21:21,581 [[32mmain[0;39m] [34mINFO [0;39m [36mo.s.d.r.c.RepositoryConfigurationDelegate[0;39m : Finished Spring Data repository scanning in 26 ms. Found 1 JPA repository interfaces.
2022-06-06 20:21:21,853 [[32mmain[0;39m] [34mINFO [0;39m [36mo.s.b.w.e.t.TomcatWebServer[0;39m : Tomcat initialized with port(s): 8080 (http)
2022-06-06 20:21:21,858 [[32mmain[0;39m] [34mINFO [0;39m [36mo.a.c.h.Http11NioProtocol[0;39m : Initializing ProtocolHandler ["http-nio-8080"]
2022-06-06 20:21:21,858 [[32mmain[0;39m] [34mINFO [0;39m [36mo.a.c.c.StandardService[0;39m : Starting service [Tomcat]
2022-06-06 20:21:21,858 [[32mmain[0;39m] [34mINFO [0;39m [36mo.a.c.c.StandardEngine[0;39m : Starting Servlet engine: [Apache Tomcat/9.0.63]
2022-06-06 20:21:21,934 [[32mmain[0;39m] [34mINFO [0;39m [36mo.a.c.c.C.[.[.[/][0;39m : Initializing Spring embedded WebApplicationContext
2022-06-06 20:21:21,934 [[32mmain[0;39m] [34mINFO [0;39m [36mo.s.b.w.s.c.ServletWebServerApplicationContext[0;39m : Root WebApplicationContext: initialization completed in 758 ms
2022-06-06 20:21:22,005 [[32mmain[0;39m] [34mINFO [0;39m [36mc.z.h.HikariDataSource[0;39m : HikariPool-1 - Starting...
2022-06-06 20:21:22,079 [[32mmain[0;39m] [34mINFO [0;39m [36mc.z.h.HikariDataSource[0;39m : HikariPool-1 - Start completed.
2022-06-06 20:21:22,108 [[32mmain[0;39m] [34mINFO [0;39m [36mo.h.j.i.u.LogHelper[0;39m : HHH000204: Processing PersistenceUnitInfo [name: default]
2022-06-06 20:21:22,135 [[32mmain[0;39m] [34mINFO [0;39m [36mo.h.Version[0;39m : HHH000412: Hibernate ORM core version 5.6.9.Final
2022-06-06 20:21:22,211 [[32mmain[0;39m] [34mINFO [0;39m [36mo.h.a.c.Version[0;39m : HCANN000001: Hibernate Commons Annotations {5.1.2.Final}
2022-06-06 20:21:22,273 [[32mmain[0;39m] [34mINFO [0;39m [36mo.h.d.Dialect[0;39m : HHH000400: Using dialect: org.hibernate.dialect.H2Dialect
2022-06-06 20:21:22,555 [[32mmain[0;39m] [34mINFO [0;39m [36mo.h.e.t.j.p.i.JtaPlatformInitiator[0;39m : HHH000490: Using JtaPlatform implementation: [org.hibernate.engine.transaction.jta.platform.internal.NoJtaPlatform]
2022-06-06 20:21:22,560 [[32mmain[0;39m] [34mINFO [0;39m [36mo.s.o.j.LocalContainerEntityManagerFactoryBean[0;39m : Initialized JPA EntityManagerFactory for persistence unit 'default'
2022-06-06 20:21:22,780 [[32mmain[0;39m] [31mWARN [0;39m [36mo.s.b.a.o.j.JpaBaseConfiguration$JpaWebConfiguration[0;39m : spring.jpa.open-in-view is enabled by default. Therefore, database queries may be performed during view rendering. Explicitly configure spring.jpa.open-in-view to disable this warning
2022-06-06 20:21:22,862 [[32mmain[0;39m] [34mINFO [0;39m [36mo.s.b.a.w.s.WelcomePageHandlerMapping[0;39m : Adding welcome page: class path resource [static/index.html]
2022-06-06 20:21:22,945 [[32mmain[0;39m] [34mINFO [0;39m [36mo.a.c.h.Http11NioProtocol[0;39m : Starting ProtocolHandler ["http-nio-8080"]
2022-06-06 20:21:22,959 [[32mmain[0;39m] [34mINFO [0;39m [36mo.s.b.w.e.t.TomcatWebServer[0;39m : Tomcat started on port(s): 8080 (http) with context path ''
2022-06-06 20:21:22,960 [[32mmain[0;39m] [34mINFO [0;39m [36mo.s.m.s.b.SimpleBrokerMessageHandler[0;39m : Starting...
2022-06-06 20:21:22,961 [[32mmain[0;39m] [34mINFO [0;39m [36mo.s.m.s.b.SimpleBrokerMessageHandler[0;39m : BrokerAvailabilityEvent[available=true, SimpleBrokerMessageHandler [org.springframework.messaging.simp.broker.DefaultSubscriptionRegistry@31c0c7e5]]
2022-06-06 20:21:22,961 [[32mmain[0;39m] [34mINFO [0;39m [36mo.s.m.s.b.SimpleBrokerMessageHandler[0;39m : Started.
2022-06-06 20:21:22,967 [[32mmain[0;39m] [34mINFO [0;39m [36mc.m.a.ActionMonitorApplication[0;39m : Started ActionMonitorApplication in 2.102 seconds (JVM running for 2.918)
2022-06-06 20:21:28,763 [[32mhttp-nio-8080-exec-1[0;39m] [34mINFO [0;39m [36mo.a.c.c.C.[.[.[/][0;39m : Initializing Spring DispatcherServlet 'dispatcherServlet'
2022-06-06 20:21:28,763 [[32mhttp-nio-8080-exec-1[0;39m] [34mINFO [0;39m [36mo.s.w.s.DispatcherServlet[0;39m : Initializing Servlet 'dispatcherServlet'
2022-06-06 20:21:28,765 [[32mhttp-nio-8080-exec-1[0;39m] [34mINFO [0;39m [36mo.s.w.s.DispatcherServlet[0;39m : Completed initialization in 2 ms
2022-06-06 20:21:31,714 [[32mclientOutboundChannel-1[0;39m] [34mINFO [0;39m [36mc.m.a.c.WebSocketEventListener[0;39m : New User Connected!
2022-06-06 20:21:38,260 [[32mclientOutboundChannel-2[0;39m] [34mINFO [0;39m [36mc.m.a.c.WebSocketEventListener[0;39m : New User Connected!
2022-06-06 20:22:22,772 [[32mMessageBroker-5[0;39m] [34mINFO [0;39m [36mo.s.w.s.c.WebSocketMessageBrokerStats[0;39m : WebSocketSession[2 current WS(2)-HttpStream(0)-HttpPoll(0), 2 total, 0 closed abnormally (0 connect failure, 0 send limit, 0 transport error)], stompSubProtocol[processed CONNECT(2)-CONNECTED(2)-DISCONNECT(0)], stompBrokerRelay[null], inboundChannel[pool size = 27, active threads = 0, queued tasks = 0, completed tasks = 27], outboundChannel[pool size = 2, active threads = 0, queued tasks = 0, completed tasks = 2], sockJsScheduler[pool size = 16, active threads = 1, queued tasks = 3, completed tasks = 14]
2022-06-06 20:23:55,891 [[32mSpringApplicationShutdownHook[0;39m] [34mINFO [0;39m [36mc.m.a.c.WebSocketEventListener[0;39m : User anda Disonnected!
2022-06-06 20:23:55,893 [[32mSpringApplicationShutdownHook[0;39m] [34mINFO [0;39m [36mc.m.a.c.WebSocketEventListener[0;39m : User marius Disonnected!
2022-06-06 20:23:55,893 [[32mSpringApplicationShutdownHook[0;39m] [34mINFO [0;39m [36mo.s.m.s.b.SimpleBrokerMessageHandler[0;39m : Stopping...
2022-06-06 20:23:55,893 [[32mSpringApplicationShutdownHook[0;39m] [34mINFO [0;39m [36mo.s.m.s.b.SimpleBrokerMessageHandler[0;39m : BrokerAvailabilityEvent[available=false, SimpleBrokerMessageHandler [org.springframework.messaging.simp.broker.DefaultSubscriptionRegistry@31c0c7e5]]
2022-06-06 20:23:55,894 [[32mSpringApplicationShutdownHook[0;39m] [34mINFO [0;39m [36mo.s.m.s.b.SimpleBrokerMessageHandler[0;39m : Stopped.
2022-06-06 20:23:55,920 [[32mSpringApplicationShutdownHook[0;39m] [34mINFO [0;39m [36mo.s.o.j.LocalContainerEntityManagerFactoryBean[0;39m : Closing JPA EntityManagerFactory for persistence unit 'default'
2022-06-06 20:23:55,920 [[32mSpringApplicationShutdownHook[0;39m] [34mINFO [0;39m [36mo.h.t.s.i.SchemaDropperImpl$DelayedDropActionImpl[0;39m : HHH000477: Starting delayed evictData of schema as part of SessionFactory shut-down'
2022-06-06 20:23:55,923 [[32mSpringApplicationShutdownHook[0;39m] [34mINFO [0;39m [36mc.z.h.HikariDataSource[0;39m : HikariPool-1 - Shutdown initiated...
2022-06-06 20:23:55,924 [[32mSpringApplicationShutdownHook[0;39m] [34mINFO [0;39m [36mc.z.h.HikariDataSource[0;39m : HikariPool-1 - Shutdown completed.
2022-06-06 20:24:00,014 [[32mmain[0;39m] [34mINFO [0;39m [36mc.m.a.ActionMonitorApplication[0;39m : Starting ActionMonitorApplication using Java 17.0.3 on LWBU-5Q76LG3 with PID 7448 (C:\Users\mpirv\Projects\Project X\actionmonitor\target\classes started by mpirv in C:\Users\mpirv\Projects\Project X\actionmonitor)
2022-06-06 20:24:00,016 [[32mmain[0;39m] [34mINFO [0;39m [36mc.m.a.ActionMonitorApplication[0;39m : No active profile set, falling back to 1 default profile: "default"
2022-06-06 20:24:00,365 [[32mmain[0;39m] [34mINFO [0;39m [36mo.s.d.r.c.RepositoryConfigurationDelegate[0;39m : Bootstrapping Spring Data JPA repositories in DEFAULT mode.
2022-06-06 20:24:00,393 [[32mmain[0;39m] [34mINFO [0;39m [36mo.s.d.r.c.RepositoryConfigurationDelegate[0;39m : Finished Spring Data repository scanning in 23 ms. Found 1 JPA repository interfaces.
2022-06-06 20:24:00,655 [[32mmain[0;39m] [34mINFO [0;39m [36mo.s.b.w.e.t.TomcatWebServer[0;39m : Tomcat initialized with port(s): 8080 (http)
2022-06-06 20:24:00,659 [[32mmain[0;39m] [34mINFO [0;39m [36mo.a.c.h.Http11NioProtocol[0;39m : Initializing ProtocolHandler ["http-nio-8080"]
2022-06-06 20:24:00,659 [[32mmain[0;39m] [34mINFO [0;39m [36mo.a.c.c.StandardService[0;39m : Starting service [Tomcat]
2022-06-06 20:24:00,659 [[32mmain[0;39m] [34mINFO [0;39m [36mo.a.c.c.StandardEngine[0;39m : Starting Servlet engine: [Apache Tomcat/9.0.63]
2022-06-06 20:24:00,735 [[32mmain[0;39m] [34mINFO [0;39m [36mo.a.c.c.C.[.[.[/][0;39m : Initializing Spring embedded WebApplicationContext
2022-06-06 20:24:00,735 [[32mmain[0;39m] [34mINFO [0;39m [36mo.s.b.w.s.c.ServletWebServerApplicationContext[0;39m : Root WebApplicationContext: initialization completed in 691 ms
2022-06-06 20:24:00,806 [[32mmain[0;39m] [34mINFO [0;39m [36mc.z.h.HikariDataSource[0;39m : HikariPool-1 - Starting...
2022-06-06 20:24:00,872 [[32mmain[0;39m] [34mINFO [0;39m [36mc.z.h.HikariDataSource[0;39m : HikariPool-1 - Start completed.
2022-06-06 20:24:00,900 [[32mmain[0;39m] [34mINFO [0;39m [36mo.h.j.i.u.LogHelper[0;39m : HHH000204: Processing PersistenceUnitInfo [name: default]
2022-06-06 20:24:00,925 [[32mmain[0;39m] [34mINFO [0;39m [36mo.h.Version[0;39m : HHH000412: Hibernate ORM core version 5.6.9.Final
2022-06-06 20:24:01,000 [[32mmain[0;39m] [34mINFO [0;39m [36mo.h.a.c.Version[0;39m : HCANN000001: Hibernate Commons Annotations {5.1.2.Final}
2022-06-06 20:24:01,062 [[32mmain[0;39m] [34mINFO [0;39m [36mo.h.d.Dialect[0;39m : HHH000400: Using dialect: org.hibernate.dialect.H2Dialect
2022-06-06 20:24:01,336 [[32mmain[0;39m] [34mINFO [0;39m [36mo.h.e.t.j.p.i.JtaPlatformInitiator[0;39m : HHH000490: Using JtaPlatform implementation: [org.hibernate.engine.transaction.jta.platform.internal.NoJtaPlatform]
2022-06-06 20:24:01,340 [[32mmain[0;39m] [34mINFO [0;39m [36mo.s.o.j.LocalContainerEntityManagerFactoryBean[0;39m : Initialized JPA EntityManagerFactory for persistence unit 'default'
2022-06-06 20:24:01,556 [[32mmain[0;39m] [31mWARN [0;39m [36mo.s.b.a.o.j.JpaBaseConfiguration$JpaWebConfiguration[0;39m : spring.jpa.open-in-view is enabled by default. Therefore, database queries may be performed during view rendering. Explicitly configure spring.jpa.open-in-view to disable this warning
2022-06-06 20:24:01,638 [[32mmain[0;39m] [34mINFO [0;39m [36mo.s.b.a.w.s.WelcomePageHandlerMapping[0;39m : Adding welcome page: class path resource [static/index.html]
2022-06-06 20:24:01,719 [[32mmain[0;39m] [34mINFO [0;39m [36mo.a.c.h.Http11NioProtocol[0;39m : Starting ProtocolHandler ["http-nio-8080"]
2022-06-06 20:24:01,732 [[32mmain[0;39m] [34mINFO [0;39m [36mo.s.b.w.e.t.TomcatWebServer[0;39m : Tomcat started on port(s): 8080 (http) with context path ''
2022-06-06 20:24:01,733 [[32mmain[0;39m] [34mINFO [0;39m [36mo.s.m.s.b.SimpleBrokerMessageHandler[0;39m : Starting...
2022-06-06 20:24:01,734 [[32mmain[0;39m] [34mINFO [0;39m [36mo.s.m.s.b.SimpleBrokerMessageHandler[0;39m : BrokerAvailabilityEvent[available=true, SimpleBrokerMessageHandler [org.springframework.messaging.simp.broker.DefaultSubscriptionRegistry@912747d]]
2022-06-06 20:24:01,734 [[32mmain[0;39m] [34mINFO [0;39m [36mo.s.m.s.b.SimpleBrokerMessageHandler[0;39m : Started.
2022-06-06 20:24:01,740 [[32mmain[0;39m] [34mINFO [0;39m [36mc.m.a.ActionMonitorApplication[0;39m : Started ActionMonitorApplication in 1.922 seconds (JVM running for 2.471)
2022-06-06 20:24:07,196 [[32mhttp-nio-8080-exec-1[0;39m] [34mINFO [0;39m [36mo.a.c.c.C.[.[.[/][0;39m : Initializing Spring DispatcherServlet 'dispatcherServlet'
2022-06-06 20:24:07,198 [[32mhttp-nio-8080-exec-1[0;39m] [34mINFO [0;39m [36mo.s.w.s.DispatcherServlet[0;39m : Initializing Servlet 'dispatcherServlet'
2022-06-06 20:24:07,198 [[32mhttp-nio-8080-exec-1[0;39m] [34mINFO [0;39m [36mo.s.w.s.DispatcherServlet[0;39m : Completed initialization in 0 ms
2022-06-06 20:24:14,342 [[32mclientOutboundChannel-1[0;39m] [34mINFO [0;39m [36mc.m.a.c.WebSocketEventListener[0;39m : New User Connected!
2022-06-06 20:24:31,046 [[32mclientOutboundChannel-2[0;39m] [34mINFO [0;39m [36mc.m.a.c.WebSocketEventListener[0;39m : New User Connected!
2022-06-06 20:24:39,084 [[32mhttp-nio-8080-exec-2[0;39m] [34mINFO [0;39m [36mc.m.a.c.WebSocketEventListener[0;39m : User Marius Disonnected!
2022-06-06 20:24:39,088 [[32mhttp-nio-8080-exec-4[0;39m] [34mINFO [0;39m [36mc.m.a.c.ChatController[0;39m : Retrieve all messages!
2022-06-06 20:24:39,183 [[32mhttp-nio-8080-exec-4[0;39m] [1;31mERROR[0;39m [36mo.a.c.c.C.[.[.[.[dispatcherServlet][0;39m : Servlet.service() for servlet [dispatcherServlet] in context with path [] threw exception [Circular view path [all]: would dispatch back to the current handler URL [/all] again. Check your ViewResolver setup! (Hint: This may be the result of an unspecified view, due to default view name generation.)] with root cause
javax.servlet.ServletException: Circular view path [all]: would dispatch back to the current handler URL [/all] again. Check your ViewResolver setup! (Hint: This may be the result of an unspecified view, due to default view name generation.)
	at org.springframework.web.servlet.view.InternalResourceView.prepareForRendering(InternalResourceView.java:210)
	at org.springframework.web.servlet.view.InternalResourceView.renderMergedOutputModel(InternalResourceView.java:148)
	at org.springframework.web.servlet.view.AbstractView.render(AbstractView.java:316)
	at org.springframework.web.servlet.DispatcherServlet.render(DispatcherServlet.java:1401)
	at org.springframework.web.servlet.DispatcherServlet.processDispatchResult(DispatcherServlet.java:1145)
	at org.springframework.web.servlet.DispatcherServlet.doDispatch(DispatcherServlet.java:1084)
	at org.springframework.web.servlet.DispatcherServlet.doService(DispatcherServlet.java:963)
	at org.springframework.web.servlet.FrameworkServlet.processRequest(FrameworkServlet.java:1006)
	at org.springframework.web.servlet.FrameworkServlet.doGet(FrameworkServlet.java:898)
	at javax.servlet.http.HttpServlet.service(HttpServlet.java:655)
	at org.springframework.web.servlet.FrameworkServlet.service(FrameworkServlet.java:883)
	at javax.servlet.http.HttpServlet.service(HttpServlet.java:764)
	at org.apache.catalina.core.ApplicationFilterChain.internalDoFilter(ApplicationFilterChain.java:227)
	at org.apache.catalina.core.ApplicationFilterChain.doFilter(ApplicationFilterChain.java:162)
	at org.apache.tomcat.websocket.server.WsFilter.doFilter(WsFilter.java:53)
	at org.apache.catalina.core.ApplicationFilterChain.internalDoFilter(ApplicationFilterChain.java:189)
	at org.apache.catalina.core.ApplicationFilterChain.doFilter(ApplicationFilterChain.java:162)
	at org.springframework.web.filter.RequestContextFilter.doFilterInternal(RequestContextFilter.java:100)
	at org.springframework.web.filter.OncePerRequestFilter.doFilter(OncePerRequestFilter.java:117)
	at org.apache.catalina.core.ApplicationFilterChain.internalDoFilter(ApplicationFilterChain.java:189)
	at org.apache.catalina.core.ApplicationFilterChain.doFilter(ApplicationFilterChain.java:162)
	at org.springframework.web.filter.FormContentFilter.doFilterInternal(FormContentFilter.java:93)
	at org.springframework.web.filter.OncePerRequestFilter.doFilter(OncePerRequestFilter.java:117)
	at org.apache.catalina.core.ApplicationFilterChain.internalDoFilter(ApplicationFilterChain.java:189)
	at org.apache.catalina.core.ApplicationFilterChain.doFilter(ApplicationFilterChain.java:162)
	at org.springframework.web.filter.CharacterEncodingFilter.doFilterInternal(CharacterEncodingFilter.java:201)
	at org.springframework.web.filter.OncePerRequestFilter.doFilter(OncePerRequestFilter.java:117)
	at org.apache.catalina.core.ApplicationFilterChain.internalDoFilter(ApplicationFilterChain.java:189)
	at org.apache.catalina.core.ApplicationFilterChain.doFilter(ApplicationFilterChain.java:162)
	at org.apache.catalina.core.StandardWrapperValve.invoke(StandardWrapperValve.java:197)
	at org.apache.catalina.core.StandardContextValve.invoke(StandardContextValve.java:97)
	at org.apache.catalina.authenticator.AuthenticatorBase.invoke(AuthenticatorBase.java:541)
	at org.apache.catalina.core.StandardHostValve.invoke(StandardHostValve.java:135)
	at org.apache.catalina.valves.ErrorReportValve.invoke(ErrorReportValve.java:92)
	at org.apache.catalina.core.StandardEngineValve.invoke(StandardEngineValve.java:78)
	at org.apache.catalina.connector.CoyoteAdapter.service(CoyoteAdapter.java:360)
	at org.apache.coyote.http11.Http11Processor.service(Http11Processor.java:399)
	at org.apache.coyote.AbstractProcessorLight.process(AbstractProcessorLight.java:65)
	at org.apache.coyote.AbstractProtocol$ConnectionHandler.process(AbstractProtocol.java:890)
	at org.apache.tomcat.util.net.NioEndpoint$SocketProcessor.doRun(NioEndpoint.java:1743)
	at org.apache.tomcat.util.net.SocketProcessorBase.run(SocketProcessorBase.java:49)
	at org.apache.tomcat.util.threads.ThreadPoolExecutor.runWorker(ThreadPoolExecutor.java:1191)
	at org.apache.tomcat.util.threads.ThreadPoolExecutor$Worker.run(ThreadPoolExecutor.java:659)
	at org.apache.tomcat.util.threads.TaskThread$WrappingRunnable.run(TaskThread.java:61)
	at java.base/java.lang.Thread.run(Thread.java:833)
2022-06-06 20:24:53,455 [[32mSpringApplicationShutdownHook[0;39m] [34mINFO [0;39m [36mc.m.a.c.WebSocketEventListener[0;39m : User anda Disonnected!
2022-06-06 20:24:53,456 [[32mSpringApplicationShutdownHook[0;39m] [34mINFO [0;39m [36mo.s.m.s.b.SimpleBrokerMessageHandler[0;39m : Stopping...
2022-06-06 20:24:53,456 [[32mSpringApplicationShutdownHook[0;39m] [34mINFO [0;39m [36mo.s.m.s.b.SimpleBrokerMessageHandler[0;39m : BrokerAvailabilityEvent[available=false, SimpleBrokerMessageHandler [org.springframework.messaging.simp.broker.DefaultSubscriptionRegistry@912747d]]
2022-06-06 20:24:53,456 [[32mSpringApplicationShutdownHook[0;39m] [34mINFO [0;39m [36mo.s.m.s.b.SimpleBrokerMessageHandler[0;39m : Stopped.
2022-06-06 20:24:53,486 [[32mSpringApplicationShutdownHook[0;39m] [34mINFO [0;39m [36mo.s.o.j.LocalContainerEntityManagerFactoryBean[0;39m : Closing JPA EntityManagerFactory for persistence unit 'default'
2022-06-06 20:24:53,487 [[32mSpringApplicationShutdownHook[0;39m] [34mINFO [0;39m [36mo.h.t.s.i.SchemaDropperImpl$DelayedDropActionImpl[0;39m : HHH000477: Starting delayed evictData of schema as part of SessionFactory shut-down'
2022-06-06 20:24:53,489 [[32mSpringApplicationShutdownHook[0;39m] [34mINFO [0;39m [36mc.z.h.HikariDataSource[0;39m : HikariPool-1 - Shutdown initiated...
2022-06-06 20:24:53,490 [[32mSpringApplicationShutdownHook[0;39m] [34mINFO [0;39m [36mc.z.h.HikariDataSource[0;39m : HikariPool-1 - Shutdown completed.
2022-06-06 20:24:57,329 [[32mmain[0;39m] [34mINFO [0;39m [36mc.m.a.ActionMonitorApplication[0;39m : Starting ActionMonitorApplication using Java 17.0.3 on LWBU-5Q76LG3 with PID 20044 (C:\Users\mpirv\Projects\Project X\actionmonitor\target\classes started by mpirv in C:\Users\mpirv\Projects\Project X\actionmonitor)
2022-06-06 20:24:57,331 [[32mmain[0;39m] [34mINFO [0;39m [36mc.m.a.ActionMonitorApplication[0;39m : No active profile set, falling back to 1 default profile: "default"
2022-06-06 20:24:57,681 [[32mmain[0;39m] [34mINFO [0;39m [36mo.s.d.r.c.RepositoryConfigurationDelegate[0;39m : Bootstrapping Spring Data JPA repositories in DEFAULT mode.
2022-06-06 20:24:57,707 [[32mmain[0;39m] [34mINFO [0;39m [36mo.s.d.r.c.RepositoryConfigurationDelegate[0;39m : Finished Spring Data repository scanning in 21 ms. Found 1 JPA repository interfaces.
2022-06-06 20:24:57,980 [[32mmain[0;39m] [34mINFO [0;39m [36mo.s.b.w.e.t.TomcatWebServer[0;39m : Tomcat initialized with port(s): 8080 (http)
2022-06-06 20:24:57,985 [[32mmain[0;39m] [34mINFO [0;39m [36mo.a.c.h.Http11NioProtocol[0;39m : Initializing ProtocolHandler ["http-nio-8080"]
2022-06-06 20:24:57,985 [[32mmain[0;39m] [34mINFO [0;39m [36mo.a.c.c.StandardService[0;39m : Starting service [Tomcat]
2022-06-06 20:24:57,985 [[32mmain[0;39m] [34mINFO [0;39m [36mo.a.c.c.StandardEngine[0;39m : Starting Servlet engine: [Apache Tomcat/9.0.63]
2022-06-06 20:24:58,063 [[32mmain[0;39m] [34mINFO [0;39m [36mo.a.c.c.C.[.[.[/][0;39m : Initializing Spring embedded WebApplicationContext
2022-06-06 20:24:58,063 [[32mmain[0;39m] [34mINFO [0;39m [36mo.s.b.w.s.c.ServletWebServerApplicationContext[0;39m : Root WebApplicationContext: initialization completed in 708 ms
2022-06-06 20:24:58,144 [[32mmain[0;39m] [34mINFO [0;39m [36mc.z.h.HikariDataSource[0;39m : HikariPool-1 - Starting...
2022-06-06 20:24:58,205 [[32mmain[0;39m] [34mINFO [0;39m [36mc.z.h.HikariDataSource[0;39m : HikariPool-1 - Start completed.
2022-06-06 20:24:58,232 [[32mmain[0;39m] [34mINFO [0;39m [36mo.h.j.i.u.LogHelper[0;39m : HHH000204: Processing PersistenceUnitInfo [name: default]
2022-06-06 20:24:58,259 [[32mmain[0;39m] [34mINFO [0;39m [36mo.h.Version[0;39m : HHH000412: Hibernate ORM core version 5.6.9.Final
2022-06-06 20:24:58,336 [[32mmain[0;39m] [34mINFO [0;39m [36mo.h.a.c.Version[0;39m : HCANN000001: Hibernate Commons Annotations {5.1.2.Final}
2022-06-06 20:24:58,395 [[32mmain[0;39m] [34mINFO [0;39m [36mo.h.d.Dialect[0;39m : HHH000400: Using dialect: org.hibernate.dialect.H2Dialect
2022-06-06 20:24:58,670 [[32mmain[0;39m] [34mINFO [0;39m [36mo.h.e.t.j.p.i.JtaPlatformInitiator[0;39m : HHH000490: Using JtaPlatform implementation: [org.hibernate.engine.transaction.jta.platform.internal.NoJtaPlatform]
2022-06-06 20:24:58,675 [[32mmain[0;39m] [34mINFO [0;39m [36mo.s.o.j.LocalContainerEntityManagerFactoryBean[0;39m : Initialized JPA EntityManagerFactory for persistence unit 'default'
2022-06-06 20:24:58,885 [[32mmain[0;39m] [31mWARN [0;39m [36mo.s.b.a.o.j.JpaBaseConfiguration$JpaWebConfiguration[0;39m : spring.jpa.open-in-view is enabled by default. Therefore, database queries may be performed during view rendering. Explicitly configure spring.jpa.open-in-view to disable this warning
2022-06-06 20:24:58,969 [[32mmain[0;39m] [34mINFO [0;39m [36mo.s.b.a.w.s.WelcomePageHandlerMapping[0;39m : Adding welcome page: class path resource [static/index.html]
2022-06-06 20:24:59,046 [[32mmain[0;39m] [34mINFO [0;39m [36mo.a.c.h.Http11NioProtocol[0;39m : Starting ProtocolHandler ["http-nio-8080"]
2022-06-06 20:24:59,060 [[32mmain[0;39m] [34mINFO [0;39m [36mo.s.b.w.e.t.TomcatWebServer[0;39m : Tomcat started on port(s): 8080 (http) with context path ''
2022-06-06 20:24:59,061 [[32mmain[0;39m] [34mINFO [0;39m [36mo.s.m.s.b.SimpleBrokerMessageHandler[0;39m : Starting...
2022-06-06 20:24:59,061 [[32mmain[0;39m] [34mINFO [0;39m [36mo.s.m.s.b.SimpleBrokerMessageHandler[0;39m : BrokerAvailabilityEvent[available=true, SimpleBrokerMessageHandler [org.springframework.messaging.simp.broker.DefaultSubscriptionRegistry@31c0c7e5]]
2022-06-06 20:24:59,061 [[32mmain[0;39m] [34mINFO [0;39m [36mo.s.m.s.b.SimpleBrokerMessageHandler[0;39m : Started.
2022-06-06 20:24:59,067 [[32mmain[0;39m] [34mINFO [0;39m [36mc.m.a.ActionMonitorApplication[0;39m : Started ActionMonitorApplication in 1.935 seconds (JVM running for 2.501)
2022-06-06 20:25:02,041 [[32mhttp-nio-8080-exec-1[0;39m] [34mINFO [0;39m [36mo.a.c.c.C.[.[.[/][0;39m : Initializing Spring DispatcherServlet 'dispatcherServlet'
2022-06-06 20:25:02,041 [[32mhttp-nio-8080-exec-1[0;39m] [34mINFO [0;39m [36mo.s.w.s.DispatcherServlet[0;39m : Initializing Servlet 'dispatcherServlet'
2022-06-06 20:25:02,042 [[32mhttp-nio-8080-exec-1[0;39m] [34mINFO [0;39m [36mo.s.w.s.DispatcherServlet[0;39m : Completed initialization in 1 ms
2022-06-06 20:25:02,054 [[32mhttp-nio-8080-exec-1[0;39m] [34mINFO [0;39m [36mc.m.a.c.ChatController[0;39m : Retrieve all messages!
2022-06-06 20:25:10,646 [[32mclientOutboundChannel-1[0;39m] [34mINFO [0;39m [36mc.m.a.c.WebSocketEventListener[0;39m : New User Connected!
2022-06-06 20:25:19,027 [[32mhttp-nio-8080-exec-8[0;39m] [34mINFO [0;39m [36mc.m.a.c.ChatController[0;39m : Retrieve all messages!
2022-06-06 20:25:19,028 [[32mhttp-nio-8080-exec-9[0;39m] [34mINFO [0;39m [36mc.m.a.c.WebSocketEventListener[0;39m : User Marius Disonnected!
2022-06-06 20:25:44,557 [[32mclientOutboundChannel-4[0;39m] [34mINFO [0;39m [36mc.m.a.c.WebSocketEventListener[0;39m : New User Connected!
2022-06-06 20:25:53,889 [[32mclientOutboundChannel-5[0;39m] [34mINFO [0;39m [36mc.m.a.c.WebSocketEventListener[0;39m : New User Connected!
2022-06-06 20:25:58,887 [[32mMessageBroker-1[0;39m] [34mINFO [0;39m [36mo.s.w.s.c.WebSocketMessageBrokerStats[0;39m : WebSocketSession[2 current WS(2)-HttpStream(0)-HttpPoll(0), 3 total, 0 closed abnormally (0 connect failure, 0 send limit, 0 transport error)], stompSubProtocol[processed CONNECT(3)-CONNECTED(3)-DISCONNECT(0)], stompBrokerRelay[null], inboundChannel[pool size = 32, active threads = 0, queued tasks = 0, completed tasks = 39], outboundChannel[pool size = 5, active threads = 0, queued tasks = 0, completed tasks = 5], sockJsScheduler[pool size = 16, active threads = 1, queued tasks = 3, completed tasks = 10]
2022-06-06 20:26:06,899 [[32mhttp-nio-8080-exec-7[0;39m] [34mINFO [0;39m [36mc.m.a.c.WebSocketEventListener[0;39m : User Marius Disonnected!
2022-06-06 20:26:06,900 [[32mhttp-nio-8080-exec-9[0;39m] [34mINFO [0;39m [36mc.m.a.c.ChatController[0;39m : Retrieve all messages!
2022-06-06 20:27:00,522 [[32mSpringApplicationShutdownHook[0;39m] [34mINFO [0;39m [36mc.m.a.c.WebSocketEventListener[0;39m : User Anda Disonnected!
2022-06-06 20:27:00,523 [[32mSpringApplicationShutdownHook[0;39m] [34mINFO [0;39m [36mo.s.m.s.b.SimpleBrokerMessageHandler[0;39m : Stopping...
2022-06-06 20:27:00,523 [[32mSpringApplicationShutdownHook[0;39m] [34mINFO [0;39m [36mo.s.m.s.b.SimpleBrokerMessageHandler[0;39m : BrokerAvailabilityEvent[available=false, SimpleBrokerMessageHandler [org.springframework.messaging.simp.broker.DefaultSubscriptionRegistry@31c0c7e5]]
2022-06-06 20:27:00,523 [[32mSpringApplicationShutdownHook[0;39m] [34mINFO [0;39m [36mo.s.m.s.b.SimpleBrokerMessageHandler[0;39m : Stopped.
2022-06-06 20:27:00,551 [[32mSpringApplicationShutdownHook[0;39m] [34mINFO [0;39m [36mo.s.o.j.LocalContainerEntityManagerFactoryBean[0;39m : Closing JPA EntityManagerFactory for persistence unit 'default'
2022-06-06 20:27:00,551 [[32mSpringApplicationShutdownHook[0;39m] [34mINFO [0;39m [36mo.h.t.s.i.SchemaDropperImpl$DelayedDropActionImpl[0;39m : HHH000477: Starting delayed evictData of schema as part of SessionFactory shut-down'
2022-06-06 20:27:00,553 [[32mSpringApplicationShutdownHook[0;39m] [34mINFO [0;39m [36mc.z.h.HikariDataSource[0;39m : HikariPool-1 - Shutdown initiated...
2022-06-06 20:27:00,554 [[32mSpringApplicationShutdownHook[0;39m] [34mINFO [0;39m [36mc.z.h.HikariDataSource[0;39m : HikariPool-1 - Shutdown completed.
2022-06-06 20:27:04,714 [[32mmain[0;39m] [34mINFO [0;39m [36mc.m.a.ActionMonitorApplication[0;39m : Starting ActionMonitorApplication using Java 17.0.3 on LWBU-5Q76LG3 with PID 1768 (C:\Users\mpirv\Projects\Project X\actionmonitor\target\classes started by mpirv in C:\Users\mpirv\Projects\Project X\actionmonitor)
2022-06-06 20:27:04,716 [[32mmain[0;39m] [34mINFO [0;39m [36mc.m.a.ActionMonitorApplication[0;39m : No active profile set, falling back to 1 default profile: "default"
2022-06-06 20:27:05,119 [[32mmain[0;39m] [34mINFO [0;39m [36mo.s.d.r.c.RepositoryConfigurationDelegate[0;39m : Bootstrapping Spring Data JPA repositories in DEFAULT mode.
2022-06-06 20:27:05,152 [[32mmain[0;39m] [34mINFO [0;39m [36mo.s.d.r.c.RepositoryConfigurationDelegate[0;39m : Finished Spring Data repository scanning in 28 ms. Found 1 JPA repository interfaces.
2022-06-06 20:27:05,459 [[32mmain[0;39m] [34mINFO [0;39m [36mo.s.b.w.e.t.TomcatWebServer[0;39m : Tomcat initialized with port(s): 8080 (http)
2022-06-06 20:27:05,464 [[32mmain[0;39m] [34mINFO [0;39m [36mo.a.c.h.Http11NioProtocol[0;39m : Initializing ProtocolHandler ["http-nio-8080"]
2022-06-06 20:27:05,465 [[32mmain[0;39m] [34mINFO [0;39m [36mo.a.c.c.StandardService[0;39m : Starting service [Tomcat]
2022-06-06 20:27:05,465 [[32mmain[0;39m] [34mINFO [0;39m [36mo.a.c.c.StandardEngine[0;39m : Starting Servlet engine: [Apache Tomcat/9.0.63]
2022-06-06 20:27:05,547 [[32mmain[0;39m] [34mINFO [0;39m [36mo.a.c.c.C.[.[.[/][0;39m : Initializing Spring embedded WebApplicationContext
2022-06-06 20:27:05,548 [[32mmain[0;39m] [34mINFO [0;39m [36mo.s.b.w.s.c.ServletWebServerApplicationContext[0;39m : Root WebApplicationContext: initialization completed in 800 ms
2022-06-06 20:27:05,637 [[32mmain[0;39m] [34mINFO [0;39m [36mc.z.h.HikariDataSource[0;39m : HikariPool-1 - Starting...
2022-06-06 20:27:05,707 [[32mmain[0;39m] [34mINFO [0;39m [36mc.z.h.HikariDataSource[0;39m : HikariPool-1 - Start completed.
2022-06-06 20:27:05,738 [[32mmain[0;39m] [34mINFO [0;39m [36mo.h.j.i.u.LogHelper[0;39m : HHH000204: Processing PersistenceUnitInfo [name: default]
2022-06-06 20:27:05,767 [[32mmain[0;39m] [34mINFO [0;39m [36mo.h.Version[0;39m : HHH000412: Hibernate ORM core version 5.6.9.Final
2022-06-06 20:27:05,851 [[32mmain[0;39m] [34mINFO [0;39m [36mo.h.a.c.Version[0;39m : HCANN000001: Hibernate Commons Annotations {5.1.2.Final}
2022-06-06 20:27:05,918 [[32mmain[0;39m] [34mINFO [0;39m [36mo.h.d.Dialect[0;39m : HHH000400: Using dialect: org.hibernate.dialect.H2Dialect
2022-06-06 20:27:06,231 [[32mmain[0;39m] [34mINFO [0;39m [36mo.h.e.t.j.p.i.JtaPlatformInitiator[0;39m : HHH000490: Using JtaPlatform implementation: [org.hibernate.engine.transaction.jta.platform.internal.NoJtaPlatform]
2022-06-06 20:27:06,236 [[32mmain[0;39m] [34mINFO [0;39m [36mo.s.o.j.LocalContainerEntityManagerFactoryBean[0;39m : Initialized JPA EntityManagerFactory for persistence unit 'default'
2022-06-06 20:27:06,469 [[32mmain[0;39m] [31mWARN [0;39m [36mo.s.b.a.o.j.JpaBaseConfiguration$JpaWebConfiguration[0;39m : spring.jpa.open-in-view is enabled by default. Therefore, database queries may be performed during view rendering. Explicitly configure spring.jpa.open-in-view to disable this warning
2022-06-06 20:27:06,563 [[32mmain[0;39m] [34mINFO [0;39m [36mo.s.b.a.w.s.WelcomePageHandlerMapping[0;39m : Adding welcome page: class path resource [static/index.html]
2022-06-06 20:27:06,649 [[32mmain[0;39m] [34mINFO [0;39m [36mo.a.c.h.Http11NioProtocol[0;39m : Starting ProtocolHandler ["http-nio-8080"]
2022-06-06 20:27:06,665 [[32mmain[0;39m] [34mINFO [0;39m [36mo.s.b.w.e.t.TomcatWebServer[0;39m : Tomcat started on port(s): 8080 (http) with context path ''
2022-06-06 20:27:06,666 [[32mmain[0;39m] [34mINFO [0;39m [36mo.s.m.s.b.SimpleBrokerMessageHandler[0;39m : Starting...
2022-06-06 20:27:06,666 [[32mmain[0;39m] [34mINFO [0;39m [36mo.s.m.s.b.SimpleBrokerMessageHandler[0;39m : BrokerAvailabilityEvent[available=true, SimpleBrokerMessageHandler [org.springframework.messaging.simp.broker.DefaultSubscriptionRegistry@912747d]]
2022-06-06 20:27:06,666 [[32mmain[0;39m] [34mINFO [0;39m [36mo.s.m.s.b.SimpleBrokerMessageHandler[0;39m : Started.
2022-06-06 20:27:06,672 [[32mmain[0;39m] [34mINFO [0;39m [36mc.m.a.ActionMonitorApplication[0;39m : Started ActionMonitorApplication in 2.166 seconds (JVM running for 2.769)
2022-06-06 20:27:14,837 [[32mhttp-nio-8080-exec-1[0;39m] [34mINFO [0;39m [36mo.a.c.c.C.[.[.[/][0;39m : Initializing Spring DispatcherServlet 'dispatcherServlet'
2022-06-06 20:27:14,837 [[32mhttp-nio-8080-exec-1[0;39m] [34mINFO [0;39m [36mo.s.w.s.DispatcherServlet[0;39m : Initializing Servlet 'dispatcherServlet'
2022-06-06 20:27:14,838 [[32mhttp-nio-8080-exec-1[0;39m] [34mINFO [0;39m [36mo.s.w.s.DispatcherServlet[0;39m : Completed initialization in 1 ms
2022-06-06 20:27:16,937 [[32mclientOutboundChannel-1[0;39m] [34mINFO [0;39m [36mc.m.a.c.WebSocketEventListener[0;39m : New User Connected!
2022-06-06 20:27:25,733 [[32mclientOutboundChannel-3[0;39m] [34mINFO [0;39m [36mc.m.a.c.WebSocketEventListener[0;39m : New User Connected!
2022-06-06 20:27:58,862 [[32mhttp-nio-8080-exec-7[0;39m] [34mINFO [0;39m [36mc.m.a.c.WebSocketEventListener[0;39m : User Marius Disonnected!
2022-06-06 20:27:58,866 [[32mhttp-nio-8080-exec-6[0;39m] [34mINFO [0;39m [36mc.m.a.c.ChatController[0;39m : Retrieve all messages!
2022-06-06 20:28:06,462 [[32mMessageBroker-2[0;39m] [34mINFO [0;39m [36mo.s.w.s.c.WebSocketMessageBrokerStats[0;39m : WebSocketSession[1 current WS(1)-HttpStream(0)-HttpPoll(0), 2 total, 0 closed abnormally (0 connect failure, 0 send limit, 0 transport error)], stompSubProtocol[processed CONNECT(2)-CONNECTED(2)-DISCONNECT(0)], stompBrokerRelay[null], inboundChannel[pool size = 32, active threads = 0, queued tasks = 0, completed tasks = 33], outboundChannel[pool size = 16, active threads = 0, queued tasks = 0, completed tasks = 16], sockJsScheduler[pool size = 16, active threads = 1, queued tasks = 2, completed tasks = 10]
2022-06-06 20:28:36,986 [[32mclientOutboundChannel-17[0;39m] [34mINFO [0;39m [36mc.m.a.c.WebSocketEventListener[0;39m : New User Connected!
2022-06-06 20:32:14,780 [[32mHikariPool-1 housekeeper[0;39m] [31mWARN [0;39m [36mc.z.h.p.HikariPool[0;39m : HikariPool-1 - Thread starvation or clock leap detected (housekeeper delta=3m38s934ms692µs100ns).
2022-06-06 20:32:14,783 [[32mhttp-nio-8080-exec-6[0;39m] [34mINFO [0;39m [36mc.m.a.c.WebSocketEventListener[0;39m : User Anda Disonnected!
2022-06-06 20:32:17,934 [[32mclientOutboundChannel-23[0;39m] [34mINFO [0;39m [36mc.m.a.c.WebSocketEventListener[0;39m : New User Connected!
2022-06-06 20:33:02,162 [[32mhttp-nio-8080-exec-10[0;39m] [34mINFO [0;39m [36mc.m.a.c.WebSocketEventListener[0;39m : User M Disonnected!
2022-06-06 20:33:05,378 [[32mclientOutboundChannel-41[0;39m] [34mINFO [0;39m [36mc.m.a.c.WebSocketEventListener[0;39m : New User Connected!
2022-06-06 20:35:00,015 [[32mhttp-nio-8080-exec-3[0;39m] [34mINFO [0;39m [36mc.m.a.c.WebSocketEventListener[0;39m : User sasd Disonnected!
2022-06-06 20:35:02,902 [[32mclientOutboundChannel-59[0;39m] [34mINFO [0;39m [36mc.m.a.c.WebSocketEventListener[0;39m : New User Connected!
2022-06-06 20:37:04,293 [[32mSpringApplicationShutdownHook[0;39m] [34mINFO [0;39m [36mc.m.a.c.WebSocketEventListener[0;39m : User hey Disonnected!
2022-06-06 20:37:04,294 [[32mSpringApplicationShutdownHook[0;39m] [34mINFO [0;39m [36mc.m.a.c.WebSocketEventListener[0;39m : User sx Disonnected!
2022-06-06 20:37:04,294 [[32mSpringApplicationShutdownHook[0;39m] [34mINFO [0;39m [36mo.s.m.s.b.SimpleBrokerMessageHandler[0;39m : Stopping...
2022-06-06 20:37:04,294 [[32mSpringApplicationShutdownHook[0;39m] [34mINFO [0;39m [36mo.s.m.s.b.SimpleBrokerMessageHandler[0;39m : BrokerAvailabilityEvent[available=false, SimpleBrokerMessageHandler [org.springframework.messaging.simp.broker.DefaultSubscriptionRegistry@912747d]]
2022-06-06 20:37:04,294 [[32mSpringApplicationShutdownHook[0;39m] [34mINFO [0;39m [36mo.s.m.s.b.SimpleBrokerMessageHandler[0;39m : Stopped.
2022-06-06 20:37:04,342 [[32mSpringApplicationShutdownHook[0;39m] [34mINFO [0;39m [36mo.s.o.j.LocalContainerEntityManagerFactoryBean[0;39m : Closing JPA EntityManagerFactory for persistence unit 'default'
2022-06-06 20:37:04,342 [[32mSpringApplicationShutdownHook[0;39m] [34mINFO [0;39m [36mo.h.t.s.i.SchemaDropperImpl$DelayedDropActionImpl[0;39m : HHH000477: Starting delayed evictData of schema as part of SessionFactory shut-down'
2022-06-06 20:37:04,344 [[32mSpringApplicationShutdownHook[0;39m] [34mINFO [0;39m [36mc.z.h.HikariDataSource[0;39m : HikariPool-1 - Shutdown initiated...
2022-06-06 20:37:04,345 [[32mSpringApplicationShutdownHook[0;39m] [34mINFO [0;39m [36mc.z.h.HikariDataSource[0;39m : HikariPool-1 - Shutdown completed.
2022-06-06 20:37:08,446 [[32mmain[0;39m] [34mINFO [0;39m [36mc.m.a.ActionMonitorApplication[0;39m : Starting ActionMonitorApplication using Java 17.0.3 on LWBU-5Q76LG3 with PID 13108 (C:\Users\mpirv\Projects\Project X\actionmonitor\target\classes started by mpirv in C:\Users\mpirv\Projects\Project X\actionmonitor)
2022-06-06 20:37:08,448 [[32mmain[0;39m] [34mINFO [0;39m [36mc.m.a.ActionMonitorApplication[0;39m : No active profile set, falling back to 1 default profile: "default"
2022-06-06 20:37:08,800 [[32mmain[0;39m] [34mINFO [0;39m [36mo.s.d.r.c.RepositoryConfigurationDelegate[0;39m : Bootstrapping Spring Data JPA repositories in DEFAULT mode.
2022-06-06 20:37:08,829 [[32mmain[0;39m] [34mINFO [0;39m [36mo.s.d.r.c.RepositoryConfigurationDelegate[0;39m : Finished Spring Data repository scanning in 24 ms. Found 1 JPA repository interfaces.
2022-06-06 20:37:09,129 [[32mmain[0;39m] [34mINFO [0;39m [36mo.s.b.w.e.t.TomcatWebServer[0;39m : Tomcat initialized with port(s): 8080 (http)
2022-06-06 20:37:09,135 [[32mmain[0;39m] [34mINFO [0;39m [36mo.a.c.h.Http11NioProtocol[0;39m : Initializing ProtocolHandler ["http-nio-8080"]
2022-06-06 20:37:09,135 [[32mmain[0;39m] [34mINFO [0;39m [36mo.a.c.c.StandardService[0;39m : Starting service [Tomcat]
2022-06-06 20:37:09,135 [[32mmain[0;39m] [34mINFO [0;39m [36mo.a.c.c.StandardEngine[0;39m : Starting Servlet engine: [Apache Tomcat/9.0.63]
2022-06-06 20:37:09,217 [[32mmain[0;39m] [34mINFO [0;39m [36mo.a.c.c.C.[.[.[/][0;39m : Initializing Spring embedded WebApplicationContext
2022-06-06 20:37:09,217 [[32mmain[0;39m] [34mINFO [0;39m [36mo.s.b.w.s.c.ServletWebServerApplicationContext[0;39m : Root WebApplicationContext: initialization completed in 740 ms
2022-06-06 20:37:09,305 [[32mmain[0;39m] [34mINFO [0;39m [36mc.z.h.HikariDataSource[0;39m : HikariPool-1 - Starting...
2022-06-06 20:37:09,375 [[32mmain[0;39m] [34mINFO [0;39m [36mc.z.h.HikariDataSource[0;39m : HikariPool-1 - Start completed.
2022-06-06 20:37:09,405 [[32mmain[0;39m] [34mINFO [0;39m [36mo.h.j.i.u.LogHelper[0;39m : HHH000204: Processing PersistenceUnitInfo [name: default]
2022-06-06 20:37:09,433 [[32mmain[0;39m] [34mINFO [0;39m [36mo.h.Version[0;39m : HHH000412: Hibernate ORM core version 5.6.9.Final
2022-06-06 20:37:09,508 [[32mmain[0;39m] [34mINFO [0;39m [36mo.h.a.c.Version[0;39m : HCANN000001: Hibernate Commons Annotations {5.1.2.Final}
2022-06-06 20:37:09,578 [[32mmain[0;39m] [34mINFO [0;39m [36mo.h.d.Dialect[0;39m : HHH000400: Using dialect: org.hibernate.dialect.H2Dialect
2022-06-06 20:37:09,898 [[32mmain[0;39m] [34mINFO [0;39m [36mo.h.e.t.j.p.i.JtaPlatformInitiator[0;39m : HHH000490: Using JtaPlatform implementation: [org.hibernate.engine.transaction.jta.platform.internal.NoJtaPlatform]
2022-06-06 20:37:09,905 [[32mmain[0;39m] [34mINFO [0;39m [36mo.s.o.j.LocalContainerEntityManagerFactoryBean[0;39m : Initialized JPA EntityManagerFactory for persistence unit 'default'
2022-06-06 20:37:10,160 [[32mmain[0;39m] [31mWARN [0;39m [36mo.s.b.a.o.j.JpaBaseConfiguration$JpaWebConfiguration[0;39m : spring.jpa.open-in-view is enabled by default. Therefore, database queries may be performed during view rendering. Explicitly configure spring.jpa.open-in-view to disable this warning
2022-06-06 20:37:10,267 [[32mmain[0;39m] [34mINFO [0;39m [36mo.s.b.a.w.s.WelcomePageHandlerMapping[0;39m : Adding welcome page: class path resource [static/index.html]
2022-06-06 20:37:10,381 [[32mmain[0;39m] [34mINFO [0;39m [36mo.a.c.h.Http11NioProtocol[0;39m : Starting ProtocolHandler ["http-nio-8080"]
2022-06-06 20:37:10,401 [[32mmain[0;39m] [34mINFO [0;39m [36mo.s.b.w.e.t.TomcatWebServer[0;39m : Tomcat started on port(s): 8080 (http) with context path ''
2022-06-06 20:37:10,404 [[32mmain[0;39m] [34mINFO [0;39m [36mo.s.m.s.b.SimpleBrokerMessageHandler[0;39m : Starting...
2022-06-06 20:37:10,405 [[32mmain[0;39m] [34mINFO [0;39m [36mo.s.m.s.b.SimpleBrokerMessageHandler[0;39m : BrokerAvailabilityEvent[available=true, SimpleBrokerMessageHandler [org.springframework.messaging.simp.broker.DefaultSubscriptionRegistry@912747d]]
2022-06-06 20:37:10,405 [[32mmain[0;39m] [34mINFO [0;39m [36mo.s.m.s.b.SimpleBrokerMessageHandler[0;39m : Started.
2022-06-06 20:37:10,412 [[32mmain[0;39m] [34mINFO [0;39m [36mc.m.a.ActionMonitorApplication[0;39m : Started ActionMonitorApplication in 2.207 seconds (JVM running for 2.887)
2022-06-06 20:38:10,152 [[32mMessageBroker-1[0;39m] [34mINFO [0;39m [36mo.s.w.s.c.WebSocketMessageBrokerStats[0;39m : WebSocketSession[0 current WS(0)-HttpStream(0)-HttpPoll(0), 0 total, 0 closed abnormally (0 connect failure, 0 send limit, 0 transport error)], stompSubProtocol[processed CONNECT(0)-CONNECTED(0)-DISCONNECT(0)], stompBrokerRelay[null], inboundChannel[pool size = 0, active threads = 0, queued tasks = 0, completed tasks = 0], outboundChannel[pool size = 0, active threads = 0, queued tasks = 0, completed tasks = 0], sockJsScheduler[pool size = 1, active threads = 1, queued tasks = 0, completed tasks = 0]
2022-06-06 20:51:50,057 [[32mSpringApplicationShutdownHook[0;39m] [34mINFO [0;39m [36mo.s.m.s.b.SimpleBrokerMessageHandler[0;39m : Stopping...
2022-06-06 20:51:50,057 [[32mSpringApplicationShutdownHook[0;39m] [34mINFO [0;39m [36mo.s.m.s.b.SimpleBrokerMessageHandler[0;39m : BrokerAvailabilityEvent[available=false, SimpleBrokerMessageHandler [org.springframework.messaging.simp.broker.DefaultSubscriptionRegistry@912747d]]
2022-06-06 20:51:50,057 [[32mSpringApplicationShutdownHook[0;39m] [34mINFO [0;39m [36mo.s.m.s.b.SimpleBrokerMessageHandler[0;39m : Stopped.
2022-06-06 20:51:50,084 [[32mSpringApplicationShutdownHook[0;39m] [34mINFO [0;39m [36mo.s.o.j.LocalContainerEntityManagerFactoryBean[0;39m : Closing JPA EntityManagerFactory for persistence unit 'default'
2022-06-06 20:51:50,084 [[32mSpringApplicationShutdownHook[0;39m] [34mINFO [0;39m [36mo.h.t.s.i.SchemaDropperImpl$DelayedDropActionImpl[0;39m : HHH000477: Starting delayed evictData of schema as part of SessionFactory shut-down'
2022-06-06 20:51:50,087 [[32mSpringApplicationShutdownHook[0;39m] [34mINFO [0;39m [36mc.z.h.HikariDataSource[0;39m : HikariPool-1 - Shutdown initiated...
2022-06-06 20:51:50,088 [[32mSpringApplicationShutdownHook[0;39m] [34mINFO [0;39m [36mc.z.h.HikariDataSource[0;39m : HikariPool-1 - Shutdown completed.
2022-06-06 20:51:54,750 [[32mmain[0;39m] [34mINFO [0;39m [36mc.m.a.ActionMonitorApplication[0;39m : Starting ActionMonitorApplication using Java 17.0.3 on LWBU-5Q76LG3 with PID 20488 (C:\Users\mpirv\Projects\Project X\actionmonitor\target\classes started by mpirv in C:\Users\mpirv\Projects\Project X\actionmonitor)
2022-06-06 20:51:54,752 [[32mmain[0;39m] [34mINFO [0;39m [36mc.m.a.ActionMonitorApplication[0;39m : No active profile set, falling back to 1 default profile: "default"
2022-06-06 20:51:55,114 [[32mmain[0;39m] [34mINFO [0;39m [36mo.s.d.r.c.RepositoryConfigurationDelegate[0;39m : Bootstrapping Spring Data JPA repositories in DEFAULT mode.
2022-06-06 20:51:55,143 [[32mmain[0;39m] [34mINFO [0;39m [36mo.s.d.r.c.RepositoryConfigurationDelegate[0;39m : Finished Spring Data repository scanning in 24 ms. Found 1 JPA repository interfaces.
2022-06-06 20:51:55,430 [[32mmain[0;39m] [34mINFO [0;39m [36mo.s.b.w.e.t.TomcatWebServer[0;39m : Tomcat initialized with port(s): 8080 (http)
2022-06-06 20:51:55,435 [[32mmain[0;39m] [34mINFO [0;39m [36mo.a.c.h.Http11NioProtocol[0;39m : Initializing ProtocolHandler ["http-nio-8080"]
2022-06-06 20:51:55,435 [[32mmain[0;39m] [34mINFO [0;39m [36mo.a.c.c.StandardService[0;39m : Starting service [Tomcat]
2022-06-06 20:51:55,435 [[32mmain[0;39m] [34mINFO [0;39m [36mo.a.c.c.StandardEngine[0;39m : Starting Servlet engine: [Apache Tomcat/9.0.63]
2022-06-06 20:51:55,514 [[32mmain[0;39m] [34mINFO [0;39m [36mo.a.c.c.C.[.[.[/][0;39m : Initializing Spring embedded WebApplicationContext
2022-06-06 20:51:55,514 [[32mmain[0;39m] [34mINFO [0;39m [36mo.s.b.w.s.c.ServletWebServerApplicationContext[0;39m : Root WebApplicationContext: initialization completed in 734 ms
2022-06-06 20:51:55,597 [[32mmain[0;39m] [34mINFO [0;39m [36mc.z.h.HikariDataSource[0;39m : HikariPool-1 - Starting...
2022-06-06 20:51:55,662 [[32mmain[0;39m] [34mINFO [0;39m [36mc.z.h.HikariDataSource[0;39m : HikariPool-1 - Start completed.
2022-06-06 20:51:55,691 [[32mmain[0;39m] [34mINFO [0;39m [36mo.h.j.i.u.LogHelper[0;39m : HHH000204: Processing PersistenceUnitInfo [name: default]
2022-06-06 20:51:55,720 [[32mmain[0;39m] [34mINFO [0;39m [36mo.h.Version[0;39m : HHH000412: Hibernate ORM core version 5.6.9.Final
2022-06-06 20:51:55,798 [[32mmain[0;39m] [34mINFO [0;39m [36mo.h.a.c.Version[0;39m : HCANN000001: Hibernate Commons Annotations {5.1.2.Final}
2022-06-06 20:51:55,858 [[32mmain[0;39m] [34mINFO [0;39m [36mo.h.d.Dialect[0;39m : HHH000400: Using dialect: org.hibernate.dialect.H2Dialect
2022-06-06 20:51:56,157 [[32mmain[0;39m] [34mINFO [0;39m [36mo.h.e.t.j.p.i.JtaPlatformInitiator[0;39m : HHH000490: Using JtaPlatform implementation: [org.hibernate.engine.transaction.jta.platform.internal.NoJtaPlatform]
2022-06-06 20:51:56,162 [[32mmain[0;39m] [34mINFO [0;39m [36mo.s.o.j.LocalContainerEntityManagerFactoryBean[0;39m : Initialized JPA EntityManagerFactory for persistence unit 'default'
2022-06-06 20:51:56,382 [[32mmain[0;39m] [31mWARN [0;39m [36mo.s.b.a.o.j.JpaBaseConfiguration$JpaWebConfiguration[0;39m : spring.jpa.open-in-view is enabled by default. Therefore, database queries may be performed during view rendering. Explicitly configure spring.jpa.open-in-view to disable this warning
2022-06-06 20:51:56,469 [[32mmain[0;39m] [34mINFO [0;39m [36mo.s.b.a.w.s.WelcomePageHandlerMapping[0;39m : Adding welcome page: class path resource [static/index.html]
2022-06-06 20:51:56,552 [[32mmain[0;39m] [34mINFO [0;39m [36mo.a.c.h.Http11NioProtocol[0;39m : Starting ProtocolHandler ["http-nio-8080"]
2022-06-06 20:51:56,567 [[32mmain[0;39m] [34mINFO [0;39m [36mo.s.b.w.e.t.TomcatWebServer[0;39m : Tomcat started on port(s): 8080 (http) with context path ''
2022-06-06 20:51:56,568 [[32mmain[0;39m] [34mINFO [0;39m [36mo.s.m.s.b.SimpleBrokerMessageHandler[0;39m : Starting...
2022-06-06 20:51:56,569 [[32mmain[0;39m] [34mINFO [0;39m [36mo.s.m.s.b.SimpleBrokerMessageHandler[0;39m : BrokerAvailabilityEvent[available=true, SimpleBrokerMessageHandler [org.springframework.messaging.simp.broker.DefaultSubscriptionRegistry@31c0c7e5]]
2022-06-06 20:51:56,569 [[32mmain[0;39m] [34mINFO [0;39m [36mo.s.m.s.b.SimpleBrokerMessageHandler[0;39m : Started.
2022-06-06 20:51:56,575 [[32mmain[0;39m] [34mINFO [0;39m [36mc.m.a.ActionMonitorApplication[0;39m : Started ActionMonitorApplication in 2.039 seconds (JVM running for 2.639)
2022-06-06 20:52:56,382 [[32mMessageBroker-1[0;39m] [34mINFO [0;39m [36mo.s.w.s.c.WebSocketMessageBrokerStats[0;39m : WebSocketSession[0 current WS(0)-HttpStream(0)-HttpPoll(0), 0 total, 0 closed abnormally (0 connect failure, 0 send limit, 0 transport error)], stompSubProtocol[processed CONNECT(0)-CONNECTED(0)-DISCONNECT(0)], stompBrokerRelay[null], inboundChannel[pool size = 0, active threads = 0, queued tasks = 0, completed tasks = 0], outboundChannel[pool size = 0, active threads = 0, queued tasks = 0, completed tasks = 0], sockJsScheduler[pool size = 1, active threads = 1, queued tasks = 0, completed tasks = 0]
2022-06-06 20:52:58,199 [[32mSpringApplicationShutdownHook[0;39m] [34mINFO [0;39m [36mo.s.m.s.b.SimpleBrokerMessageHandler[0;39m : Stopping...
2022-06-06 20:52:58,199 [[32mSpringApplicationShutdownHook[0;39m] [34mINFO [0;39m [36mo.s.m.s.b.SimpleBrokerMessageHandler[0;39m : BrokerAvailabilityEvent[available=false, SimpleBrokerMessageHandler [org.springframework.messaging.simp.broker.DefaultSubscriptionRegistry@31c0c7e5]]
2022-06-06 20:52:58,199 [[32mSpringApplicationShutdownHook[0;39m] [34mINFO [0;39m [36mo.s.m.s.b.SimpleBrokerMessageHandler[0;39m : Stopped.
2022-06-06 20:52:58,222 [[32mSpringApplicationShutdownHook[0;39m] [34mINFO [0;39m [36mo.s.o.j.LocalContainerEntityManagerFactoryBean[0;39m : Closing JPA EntityManagerFactory for persistence unit 'default'
2022-06-06 20:52:58,222 [[32mSpringApplicationShutdownHook[0;39m] [34mINFO [0;39m [36mo.h.t.s.i.SchemaDropperImpl$DelayedDropActionImpl[0;39m : HHH000477: Starting delayed evictData of schema as part of SessionFactory shut-down'
2022-06-06 20:52:58,228 [[32mSpringApplicationShutdownHook[0;39m] [34mINFO [0;39m [36mc.z.h.HikariDataSource[0;39m : HikariPool-1 - Shutdown initiated...
2022-06-06 20:52:58,229 [[32mSpringApplicationShutdownHook[0;39m] [34mINFO [0;39m [36mc.z.h.HikariDataSource[0;39m : HikariPool-1 - Shutdown completed.
2022-06-06 20:53:02,341 [[32mmain[0;39m] [34mINFO [0;39m [36mc.m.a.ActionMonitorApplication[0;39m : Starting ActionMonitorApplication using Java 17.0.3 on LWBU-5Q76LG3 with PID 5036 (C:\Users\mpirv\Projects\Project X\actionmonitor\target\classes started by mpirv in C:\Users\mpirv\Projects\Project X\actionmonitor)
2022-06-06 20:53:02,344 [[32mmain[0;39m] [34mINFO [0;39m [36mc.m.a.ActionMonitorApplication[0;39m : No active profile set, falling back to 1 default profile: "default"
2022-06-06 20:53:02,699 [[32mmain[0;39m] [34mINFO [0;39m [36mo.s.d.r.c.RepositoryConfigurationDelegate[0;39m : Bootstrapping Spring Data JPA repositories in DEFAULT mode.
2022-06-06 20:53:02,727 [[32mmain[0;39m] [34mINFO [0;39m [36mo.s.d.r.c.RepositoryConfigurationDelegate[0;39m : Finished Spring Data repository scanning in 24 ms. Found 1 JPA repository interfaces.
2022-06-06 20:53:03,007 [[32mmain[0;39m] [34mINFO [0;39m [36mo.s.b.w.e.t.TomcatWebServer[0;39m : Tomcat initialized with port(s): 8080 (http)
2022-06-06 20:53:03,011 [[32mmain[0;39m] [34mINFO [0;39m [36mo.a.c.h.Http11NioProtocol[0;39m : Initializing ProtocolHandler ["http-nio-8080"]
2022-06-06 20:53:03,012 [[32mmain[0;39m] [34mINFO [0;39m [36mo.a.c.c.StandardService[0;39m : Starting service [Tomcat]
2022-06-06 20:53:03,012 [[32mmain[0;39m] [34mINFO [0;39m [36mo.a.c.c.StandardEngine[0;39m : Starting Servlet engine: [Apache Tomcat/9.0.63]
2022-06-06 20:53:03,090 [[32mmain[0;39m] [34mINFO [0;39m [36mo.a.c.c.C.[.[.[/][0;39m : Initializing Spring embedded WebApplicationContext
2022-06-06 20:53:03,090 [[32mmain[0;39m] [34mINFO [0;39m [36mo.s.b.w.s.c.ServletWebServerApplicationContext[0;39m : Root WebApplicationContext: initialization completed in 716 ms
2022-06-06 20:53:03,171 [[32mmain[0;39m] [34mINFO [0;39m [36mc.z.h.HikariDataSource[0;39m : HikariPool-1 - Starting...
2022-06-06 20:53:03,234 [[32mmain[0;39m] [34mINFO [0;39m [36mc.z.h.HikariDataSource[0;39m : HikariPool-1 - Start completed.
2022-06-06 20:53:03,262 [[32mmain[0;39m] [34mINFO [0;39m [36mo.h.j.i.u.LogHelper[0;39m : HHH000204: Processing PersistenceUnitInfo [name: default]
2022-06-06 20:53:03,289 [[32mmain[0;39m] [34mINFO [0;39m [36mo.h.Version[0;39m : HHH000412: Hibernate ORM core version 5.6.9.Final
2022-06-06 20:53:03,365 [[32mmain[0;39m] [34mINFO [0;39m [36mo.h.a.c.Version[0;39m : HCANN000001: Hibernate Commons Annotations {5.1.2.Final}
2022-06-06 20:53:03,428 [[32mmain[0;39m] [34mINFO [0;39m [36mo.h.d.Dialect[0;39m : HHH000400: Using dialect: org.hibernate.dialect.H2Dialect
2022-06-06 20:53:03,714 [[32mmain[0;39m] [34mINFO [0;39m [36mo.h.e.t.j.p.i.JtaPlatformInitiator[0;39m : HHH000490: Using JtaPlatform implementation: [org.hibernate.engine.transaction.jta.platform.internal.NoJtaPlatform]
2022-06-06 20:53:03,721 [[32mmain[0;39m] [34mINFO [0;39m [36mo.s.o.j.LocalContainerEntityManagerFactoryBean[0;39m : Initialized JPA EntityManagerFactory for persistence unit 'default'
2022-06-06 20:53:04,024 [[32mmain[0;39m] [31mWARN [0;39m [36mo.s.b.a.o.j.JpaBaseConfiguration$JpaWebConfiguration[0;39m : spring.jpa.open-in-view is enabled by default. Therefore, database queries may be performed during view rendering. Explicitly configure spring.jpa.open-in-view to disable this warning
2022-06-06 20:53:04,144 [[32mmain[0;39m] [34mINFO [0;39m [36mo.s.b.a.w.s.WelcomePageHandlerMapping[0;39m : Adding welcome page: class path resource [static/index.html]
2022-06-06 20:53:04,366 [[32mmain[0;39m] [34mINFO [0;39m [36mo.a.c.h.Http11NioProtocol[0;39m : Starting ProtocolHandler ["http-nio-8080"]
2022-06-06 20:53:04,400 [[32mmain[0;39m] [34mINFO [0;39m [36mo.s.b.w.e.t.TomcatWebServer[0;39m : Tomcat started on port(s): 8080 (http) with context path ''
2022-06-06 20:53:04,404 [[32mmain[0;39m] [34mINFO [0;39m [36mo.s.m.s.b.SimpleBrokerMessageHandler[0;39m : Starting...
2022-06-06 20:53:04,405 [[32mmain[0;39m] [34mINFO [0;39m [36mo.s.m.s.b.SimpleBrokerMessageHandler[0;39m : BrokerAvailabilityEvent[available=true, SimpleBrokerMessageHandler [org.springframework.messaging.simp.broker.DefaultSubscriptionRegistry@31c0c7e5]]
2022-06-06 20:53:04,405 [[32mmain[0;39m] [34mINFO [0;39m [36mo.s.m.s.b.SimpleBrokerMessageHandler[0;39m : Started.
2022-06-06 20:53:04,416 [[32mmain[0;39m] [34mINFO [0;39m [36mc.m.a.ActionMonitorApplication[0;39m : Started ActionMonitorApplication in 2.276 seconds (JVM running for 2.838)
2022-06-06 20:53:08,929 [[32mhttp-nio-8080-exec-2[0;39m] [34mINFO [0;39m [36mo.a.c.c.C.[.[.[/][0;39m : Initializing Spring DispatcherServlet 'dispatcherServlet'
2022-06-06 20:53:08,930 [[32mhttp-nio-8080-exec-2[0;39m] [34mINFO [0;39m [36mo.s.w.s.DispatcherServlet[0;39m : Initializing Servlet 'dispatcherServlet'
2022-06-06 20:53:08,930 [[32mhttp-nio-8080-exec-2[0;39m] [34mINFO [0;39m [36mo.s.w.s.DispatcherServlet[0;39m : Completed initialization in 0 ms
2022-06-06 20:53:11,741 [[32mclientOutboundChannel-1[0;39m] [34mINFO [0;39m [36mc.m.a.c.WebSocketEventListener[0;39m : New User Connected! - null
2022-06-06 20:53:11,773 [[32mclientInboundChannel-7[0;39m] [34mINFO [0;39m [36mc.m.a.c.ChatController[0;39m : User - marius has connected
2022-06-06 20:53:18,151 [[32mclientOutboundChannel-3[0;39m] [34mINFO [0;39m [36mc.m.a.c.WebSocketEventListener[0;39m : New User Connected! - null
2022-06-06 20:53:18,153 [[32mclientInboundChannel-16[0;39m] [34mINFO [0;39m [36mc.m.a.c.ChatController[0;39m : User - anda has connected
2022-06-06 20:53:22,033 [[32mclientInboundChannel-19[0;39m] [34mINFO [0;39m [36mc.m.a.c.ChatController[0;39m : Message sent by - marius
2022-06-06 20:53:24,772 [[32mclientInboundChannel-22[0;39m] [34mINFO [0;39m [36mc.m.a.c.ChatController[0;39m : Message sent by - anda
2022-06-06 20:54:04,016 [[32mMessageBroker-16[0;39m] [34mINFO [0;39m [36mo.s.w.s.c.WebSocketMessageBrokerStats[0;39m : WebSocketSession[2 current WS(2)-HttpStream(0)-HttpPoll(0), 2 total, 0 closed abnormally (0 connect failure, 0 send limit, 0 transport error)], stompSubProtocol[processed CONNECT(2)-CONNECTED(2)-DISCONNECT(0)], stompBrokerRelay[null], inboundChannel[pool size = 24, active threads = 0, queued tasks = 0, completed tasks = 24], outboundChannel[pool size = 9, active threads = 0, queued tasks = 0, completed tasks = 9], sockJsScheduler[pool size = 16, active threads = 1, queued tasks = 3, completed tasks = 13]
2022-06-06 20:55:34,416 [[32mSpringApplicationShutdownHook[0;39m] [34mINFO [0;39m [36mc.m.a.c.WebSocketEventListener[0;39m : User marius Disonnected!
2022-06-06 20:55:34,416 [[32mSpringApplicationShutdownHook[0;39m] [34mINFO [0;39m [36mc.m.a.c.WebSocketEventListener[0;39m : User anda Disonnected!
2022-06-06 20:55:34,417 [[32mSpringApplicationShutdownHook[0;39m] [34mINFO [0;39m [36mo.s.m.s.b.SimpleBrokerMessageHandler[0;39m : Stopping...
2022-06-06 20:55:34,417 [[32mSpringApplicationShutdownHook[0;39m] [34mINFO [0;39m [36mo.s.m.s.b.SimpleBrokerMessageHandler[0;39m : BrokerAvailabilityEvent[available=false, SimpleBrokerMessageHandler [org.springframework.messaging.simp.broker.DefaultSubscriptionRegistry@31c0c7e5]]
2022-06-06 20:55:34,417 [[32mSpringApplicationShutdownHook[0;39m] [34mINFO [0;39m [36mo.s.m.s.b.SimpleBrokerMessageHandler[0;39m : Stopped.
2022-06-06 20:55:34,445 [[32mSpringApplicationShutdownHook[0;39m] [34mINFO [0;39m [36mo.s.o.j.LocalContainerEntityManagerFactoryBean[0;39m : Closing JPA EntityManagerFactory for persistence unit 'default'
2022-06-06 20:55:34,445 [[32mSpringApplicationShutdownHook[0;39m] [34mINFO [0;39m [36mo.h.t.s.i.SchemaDropperImpl$DelayedDropActionImpl[0;39m : HHH000477: Starting delayed evictData of schema as part of SessionFactory shut-down'
2022-06-06 20:55:34,447 [[32mSpringApplicationShutdownHook[0;39m] [34mINFO [0;39m [36mc.z.h.HikariDataSource[0;39m : HikariPool-1 - Shutdown initiated...
2022-06-06 20:55:34,448 [[32mSpringApplicationShutdownHook[0;39m] [34mINFO [0;39m [36mc.z.h.HikariDataSource[0;39m : HikariPool-1 - Shutdown completed.
2022-06-06 20:55:39,138 [[32mmain[0;39m] [34mINFO [0;39m [36mc.m.a.ActionMonitorApplication[0;39m : Starting ActionMonitorApplication using Java 17.0.3 on LWBU-5Q76LG3 with PID 21872 (C:\Users\mpirv\Projects\Project X\actionmonitor\target\classes started by mpirv in C:\Users\mpirv\Projects\Project X\actionmonitor)
2022-06-06 20:55:39,140 [[32mmain[0;39m] [34mINFO [0;39m [36mc.m.a.ActionMonitorApplication[0;39m : No active profile set, falling back to 1 default profile: "default"
2022-06-06 20:55:39,532 [[32mmain[0;39m] [34mINFO [0;39m [36mo.s.d.r.c.RepositoryConfigurationDelegate[0;39m : Bootstrapping Spring Data JPA repositories in DEFAULT mode.
2022-06-06 20:55:39,564 [[32mmain[0;39m] [34mINFO [0;39m [36mo.s.d.r.c.RepositoryConfigurationDelegate[0;39m : Finished Spring Data repository scanning in 25 ms. Found 1 JPA repository interfaces.
2022-06-06 20:55:39,869 [[32mmain[0;39m] [34mINFO [0;39m [36mo.s.b.w.e.t.TomcatWebServer[0;39m : Tomcat initialized with port(s): 8080 (http)
2022-06-06 20:55:39,874 [[32mmain[0;39m] [34mINFO [0;39m [36mo.a.c.h.Http11NioProtocol[0;39m : Initializing ProtocolHandler ["http-nio-8080"]
2022-06-06 20:55:39,875 [[32mmain[0;39m] [34mINFO [0;39m [36mo.a.c.c.StandardService[0;39m : Starting service [Tomcat]
2022-06-06 20:55:39,875 [[32mmain[0;39m] [34mINFO [0;39m [36mo.a.c.c.StandardEngine[0;39m : Starting Servlet engine: [Apache Tomcat/9.0.63]
2022-06-06 20:55:39,960 [[32mmain[0;39m] [34mINFO [0;39m [36mo.a.c.c.C.[.[.[/][0;39m : Initializing Spring embedded WebApplicationContext
2022-06-06 20:55:39,961 [[32mmain[0;39m] [34mINFO [0;39m [36mo.s.b.w.s.c.ServletWebServerApplicationContext[0;39m : Root WebApplicationContext: initialization completed in 788 ms
2022-06-06 20:55:40,048 [[32mmain[0;39m] [34mINFO [0;39m [36mc.z.h.HikariDataSource[0;39m : HikariPool-1 - Starting...
2022-06-06 20:55:40,122 [[32mmain[0;39m] [34mINFO [0;39m [36mc.z.h.HikariDataSource[0;39m : HikariPool-1 - Start completed.
2022-06-06 20:55:40,153 [[32mmain[0;39m] [34mINFO [0;39m [36mo.h.j.i.u.LogHelper[0;39m : HHH000204: Processing PersistenceUnitInfo [name: default]
2022-06-06 20:55:40,183 [[32mmain[0;39m] [34mINFO [0;39m [36mo.h.Version[0;39m : HHH000412: Hibernate ORM core version 5.6.9.Final
2022-06-06 20:55:40,267 [[32mmain[0;39m] [34mINFO [0;39m [36mo.h.a.c.Version[0;39m : HCANN000001: Hibernate Commons Annotations {5.1.2.Final}
2022-06-06 20:55:40,329 [[32mmain[0;39m] [34mINFO [0;39m [36mo.h.d.Dialect[0;39m : HHH000400: Using dialect: org.hibernate.dialect.H2Dialect
2022-06-06 20:55:40,641 [[32mmain[0;39m] [34mINFO [0;39m [36mo.h.e.t.j.p.i.JtaPlatformInitiator[0;39m : HHH000490: Using JtaPlatform implementation: [org.hibernate.engine.transaction.jta.platform.internal.NoJtaPlatform]
2022-06-06 20:55:40,646 [[32mmain[0;39m] [34mINFO [0;39m [36mo.s.o.j.LocalContainerEntityManagerFactoryBean[0;39m : Initialized JPA EntityManagerFactory for persistence unit 'default'
2022-06-06 20:55:40,902 [[32mmain[0;39m] [31mWARN [0;39m [36mo.s.b.a.o.j.JpaBaseConfiguration$JpaWebConfiguration[0;39m : spring.jpa.open-in-view is enabled by default. Therefore, database queries may be performed during view rendering. Explicitly configure spring.jpa.open-in-view to disable this warning
2022-06-06 20:55:40,994 [[32mmain[0;39m] [34mINFO [0;39m [36mo.s.b.a.w.s.WelcomePageHandlerMapping[0;39m : Adding welcome page: class path resource [static/index.html]
2022-06-06 20:55:41,081 [[32mmain[0;39m] [34mINFO [0;39m [36mo.a.c.h.Http11NioProtocol[0;39m : Starting ProtocolHandler ["http-nio-8080"]
2022-06-06 20:55:41,097 [[32mmain[0;39m] [34mINFO [0;39m [36mo.s.b.w.e.t.TomcatWebServer[0;39m : Tomcat started on port(s): 8080 (http) with context path ''
2022-06-06 20:55:41,098 [[32mmain[0;39m] [34mINFO [0;39m [36mo.s.m.s.b.SimpleBrokerMessageHandler[0;39m : Starting...
2022-06-06 20:55:41,098 [[32mmain[0;39m] [34mINFO [0;39m [36mo.s.m.s.b.SimpleBrokerMessageHandler[0;39m : BrokerAvailabilityEvent[available=true, SimpleBrokerMessageHandler [org.springframework.messaging.simp.broker.DefaultSubscriptionRegistry@1870b9b8]]
2022-06-06 20:55:41,099 [[32mmain[0;39m] [34mINFO [0;39m [36mo.s.m.s.b.SimpleBrokerMessageHandler[0;39m : Started.
2022-06-06 20:55:41,106 [[32mmain[0;39m] [34mINFO [0;39m [36mc.m.a.ActionMonitorApplication[0;39m : Started ActionMonitorApplication in 2.187 seconds (JVM running for 2.792)
2022-06-06 20:55:44,707 [[32mSpringApplicationShutdownHook[0;39m] [34mINFO [0;39m [36mo.s.m.s.b.SimpleBrokerMessageHandler[0;39m : Stopping...
2022-06-06 20:55:44,707 [[32mSpringApplicationShutdownHook[0;39m] [34mINFO [0;39m [36mo.s.m.s.b.SimpleBrokerMessageHandler[0;39m : BrokerAvailabilityEvent[available=false, SimpleBrokerMessageHandler [org.springframework.messaging.simp.broker.DefaultSubscriptionRegistry@1870b9b8]]
2022-06-06 20:55:44,707 [[32mSpringApplicationShutdownHook[0;39m] [34mINFO [0;39m [36mo.s.m.s.b.SimpleBrokerMessageHandler[0;39m : Stopped.
2022-06-06 20:55:44,732 [[32mSpringApplicationShutdownHook[0;39m] [34mINFO [0;39m [36mo.s.o.j.LocalContainerEntityManagerFactoryBean[0;39m : Closing JPA EntityManagerFactory for persistence unit 'default'
2022-06-06 20:55:44,733 [[32mSpringApplicationShutdownHook[0;39m] [34mINFO [0;39m [36mo.h.t.s.i.SchemaDropperImpl$DelayedDropActionImpl[0;39m : HHH000477: Starting delayed evictData of schema as part of SessionFactory shut-down'
2022-06-06 20:55:44,736 [[32mSpringApplicationShutdownHook[0;39m] [34mINFO [0;39m [36mc.z.h.HikariDataSource[0;39m : HikariPool-1 - Shutdown initiated...
2022-06-06 20:55:44,737 [[32mSpringApplicationShutdownHook[0;39m] [34mINFO [0;39m [36mc.z.h.HikariDataSource[0;39m : HikariPool-1 - Shutdown completed.
